[+] Containers:
 |- [+] Container: /Game/TopDown/Maps/TopDownMap
 |   |- [+] ActorDescs:
 |   |   |- Guid:0B46B0D54148F7DA72B1CA802C5E2DCF BaseClass: NativeClass:/Script/Engine.StaticMeshActor Name:StaticMeshActor_UAID_001A7DDA7104F07C01_1384219353 Label:Old_Fence SpatiallyLoaded:1 Bounds:IsValid=true, Min=(X=2425.052 Y=2530.035 Z=-4.401), Max=(X=2898.948 Y=2581.965 Z=294.401) RuntimeGrid:None EditorOnly:0 RuntimeOnly:0 HLODRelevant:1 FolderPath:Fence FolderGuid:4F57850A4588A9E007BF4C82E70452BB
 |   |   |- Guid:0F4324B34E091887A24AD9995AE727D1 BaseClass: NativeClass:/Script/Engine.StaticMeshActor Name:StaticMeshActor_23 Label:SM_Cube6 SpatiallyLoaded:1 Bounds:IsValid=true, Min=(X=2900.000 Y=100.000 Z=0.000), Max=(X=3000.000 Y=3400.000 Z=400.000) RuntimeGrid:None EditorOnly:0 RuntimeOnly:0 HLODRelevant:1 FolderPath:Playground FolderGuid:9FE5E8B349AF71F05F2688921F3F2AC5
 |   |   |- Guid:147C8D134B12D635012D5F8C57D2C96F BaseClass: NativeClass:/Script/Engine.PostProcessVolume Name:PostProcessVolume_1 Label:PostProcessVolume SpatiallyLoaded:0 Bounds:IsValid=true, Min=(X=0.000 Y=0.000 Z=400.000), Max=(X=200.000 Y=200.000 Z=600.000) RuntimeGrid:None EditorOnly:0 RuntimeOnly:0 HLODRelevant:0 FolderPath:Lighting FolderGuid:4C9334684BA61B42C769F799D2576455
 |   |   |- Guid:1742DF43475F097453197AA79C7473D9 BaseClass: NativeClass:/Script/Engine.SkyLight Name:SkyLight_1 Label:SkyLight SpatiallyLoaded:0 Bounds:IsValid=true, Min=(X=0.000 Y=0.000 Z=690.000), Max=(X=0.000 Y=0.000 Z=690.000) RuntimeGrid:None EditorOnly:0 RuntimeOnly:0 HLODRelevant:0 FolderPath:Lighting FolderGuid:4C9334684BA61B42C769F799D2576455
 |   |   |- Guid:1FEC8FAC495CEF0CE32492ADCBB96BAE BaseClass: NativeClass:/Script/AIModule.NavLinkProxy Name:NavLinkProxy_3 Label:NavLinkProxy3 SpatiallyLoaded:1 Bounds:IsValid=true, Min=(X=2240.000 Y=1030.000 Z=90.000), Max=(X=2240.000 Y=1030.000 Z=90.000) RuntimeGrid:None EditorOnly:0 RuntimeOnly:0 HLODRelevant:0 FolderPath:Navigation FolderGuid:AE45D61F453CC144CF8289862C276E89
 |   |   |- Guid:2169CB5C470E0E674279BA96829753DD BaseClass: NativeClass:/Script/Engine.StaticMeshActor Name:StaticMeshActor_17 Label:SM_Cube SpatiallyLoaded:1 Bounds:IsValid=true, Min=(X=0.000 Y=0.000 Z=-50.000), Max=(X=3000.000 Y=3500.000 Z=0.000) RuntimeGrid:None EditorOnly:0 RuntimeOnly:0 HLODRelevant:1 FolderPath:Playground FolderGuid:9FE5E8B349AF71F05F2688921F3F2AC5
 |   |   |- Guid:2BA1D00D4A2A6085FBF0E680BE09EF63 BaseClass: NativeClass:/Script/Engine.StaticMeshActor Name:StaticMeshActor_UAID_001A7DDA7104F07C01_1553505357 Label:Old_Fence4 SpatiallyLoaded:1 Bounds:IsValid=true, Min=(X=2427.052 Y=2131.035 Z=-4.401), Max=(X=2900.948 Y=2182.965 Z=294.401) RuntimeGrid:None EditorOnly:0 RuntimeOnly:0 HLODRelevant:1 FolderPath:Fence FolderGuid:4F57850A4588A9E007BF4C82E70452BB
 |   |   |- Guid:2DF0D95440BE0EDA81652F860DC7268E BaseClass: NativeClass:/Script/Engine.WorldDataLayers Name:WorldDataLayers Label:WorldDataLayers SpatiallyLoaded:0 Bounds:IsValid=true, Min=(X=0.000 Y=0.000 Z=0.000), Max=(X=0.000 Y=0.000 Z=0.000) RuntimeGrid:None EditorOnly:0 RuntimeOnly:0 HLODRelevant:0
 |   |   |- Guid:306929B142C99B3AD97B3C9F251C2129 BaseClass: NativeClass:/Script/Engine.StaticMeshActor Name:StaticMeshActor_22 Label:SM_Cube5 SpatiallyLoaded:1 Bounds:IsValid=true, Min=(X=-0.000 Y=100.000 Z=0.000), Max=(X=100.000 Y=3400.000 Z=400.000) RuntimeGrid:None EditorOnly:0 RuntimeOnly:0 HLODRelevant:1 FolderPath:Playground FolderGuid:9FE5E8B349AF71F05F2688921F3F2AC5
 |   |   |- Guid:379F43854CC002843EBB0DA83F4E9903 BaseClass: NativeClass:/Script/Engine.StaticMeshActor Name:StaticMeshActor_UAID_001A7DDA7104F07C01_1600717363 Label:Old_Fence10 SpatiallyLoaded:1 Bounds:IsValid=true, Min=(X=97.052 Y=2132.035 Z=-4.401), Max=(X=570.948 Y=2183.965 Z=294.401) RuntimeGrid:None EditorOnly:0 RuntimeOnly:0 HLODRelevant:1 FolderPath:Fence FolderGuid:4F57850A4588A9E007BF4C82E70452BB
 |   |   |- Guid:44D5069943B8D75B29DF08AE1C0C6268 BaseClass:/Game/Blueprints/Constructions/BP_btn2.BP_btn2_C NativeClass:/Script/Engine.Actor Name:BP_btn2_C_UAID_001A7DDA7104EF7C01_1359736168 Label:BP_btn2 SpatiallyLoaded:1 Bounds:IsValid=true, Min=(X=1454.000 Y=382.000 Z=-5.000), Max=(X=1654.000 Y=582.000 Z=89.000) RuntimeGrid:None EditorOnly:0 RuntimeOnly:0 HLODRelevant:0
 |   |   |- Guid:4FB693B643D63E8A3B0A3689F0603C52 BaseClass: NativeClass:/Script/Engine.StaticMeshActor Name:StaticMeshActor_UAID_001A7DDA7104F07C01_1600716362 Label:Old_Fence9 SpatiallyLoaded:1 Bounds:IsValid=true, Min=(X=96.052 Y=1766.035 Z=-4.401), Max=(X=569.948 Y=1817.965 Z=294.401) RuntimeGrid:None EditorOnly:0 RuntimeOnly:0 HLODRelevant:1 FolderPath:Fence FolderGuid:4F57850A4588A9E007BF4C82E70452BB
 |   |   |- Guid:6252C7D64ACF162A73EE65B11FE214D1 BaseClass: NativeClass:/Script/Engine.SkyAtmosphere Name:SkyAtmosphere_1 Label:SkyAtmosphere SpatiallyLoaded:0 Bounds:IsValid=true, Min=(X=0.000 Y=0.000 Z=1020.000), Max=(X=0.000 Y=0.000 Z=1020.000) RuntimeGrid:None EditorOnly:0 RuntimeOnly:0 HLODRelevant:0 FolderPath:Lighting FolderGuid:4C9334684BA61B42C769F799D2576455
 |   |   |- Guid:66BCBF874D2A22ADC6523B95EE812CA3 BaseClass: NativeClass:/Script/Engine.StaticMeshActor Name:StaticMeshActor_UAID_A4AE111137DC5CFB00_1660657071 Label:SM_SkySphere SpatiallyLoaded:0 Bounds:IsValid=true, Min=(X=-1638400.000 Y=-1638400.000 Z=-1638400.000), Max=(X=1638400.000 Y=1638400.000 Z=1638400.000) RuntimeGrid:None EditorOnly:0 RuntimeOnly:0 HLODRelevant:1 FolderPath:Lighting FolderGuid:4C9334684BA61B42C769F799D2576455
 |   |   |- Guid:7026BAF049CEC4B43B3969B3BC797373 BaseClass: NativeClass:/Script/Engine.StaticMeshActor Name:StaticMeshActor_UAID_001A7DDA7104F07C01_1559640358 Label:Old_Fence5 SpatiallyLoaded:1 Bounds:IsValid=true, Min=(X=2427.052 Y=1032.035 Z=-4.401), Max=(X=2900.948 Y=1083.965 Z=294.401) RuntimeGrid:None EditorOnly:0 RuntimeOnly:0 HLODRelevant:1 FolderPath:Fence FolderGuid:4F57850A4588A9E007BF4C82E70452BB
 |   |   |- Guid:77F893B3468595EE782136AD620D7EF4 BaseClass: NativeClass:/Script/Engine.VolumetricCloud Name:VolumetricCloud_0 Label:VolumetricCloud SpatiallyLoaded:0 Bounds:IsValid=true, Min=(X=0.000 Y=0.000 Z=820.000), Max=(X=0.000 Y=0.000 Z=820.000) RuntimeGrid:None EditorOnly:0 RuntimeOnly:0 HLODRelevant:0 FolderPath:Lighting FolderGuid:4C9334684BA61B42C769F799D2576455
 |   |   |- Guid:7E74D47547F695C6BE7097AF9EE18E84 BaseClass: NativeClass:/Script/Engine.StaticMeshActor Name:StaticMeshActor_UAID_001A7DDA7104F07C01_1608134365 Label:Old_Fence12 SpatiallyLoaded:1 Bounds:IsValid=true, Min=(X=98.052 Y=2900.035 Z=-4.401), Max=(X=571.948 Y=2951.965 Z=294.401) RuntimeGrid:None EditorOnly:0 RuntimeOnly:0 HLODRelevant:1 FolderPath:Fence FolderGuid:4F57850A4588A9E007BF4C82E70452BB
 |   |   |- Guid:88A068D04CDDCBFB64185394B4A51D42 BaseClass: NativeClass:/Script/Engine.StaticMeshActor Name:StaticMeshActor_UAID_001A7DDA7104F07C01_1608132364 Label:Old_Fence11 SpatiallyLoaded:1 Bounds:IsValid=true, Min=(X=97.052 Y=2534.035 Z=-4.401), Max=(X=570.948 Y=2585.965 Z=294.401) RuntimeGrid:None EditorOnly:0 RuntimeOnly:0 HLODRelevant:1 FolderPath:Fence FolderGuid:4F57850A4588A9E007BF4C82E70452BB
 |   |   |- Guid:AECEEEE741E6DE68F6843FA49564A956 BaseClass: NativeClass:/Script/Engine.DirectionalLight Name:DirectionalLight_1 Label:DirectionalLight SpatiallyLoaded:0 Bounds:IsValid=true, Min=(X=-1048576.000 Y=-1048576.000 Z=-1048576.000), Max=(X=1048576.000 Y=1048576.000 Z=1048576.000) RuntimeGrid:None EditorOnly:0 RuntimeOnly:0 HLODRelevant:0 FolderPath:Lighting FolderGuid:4C9334684BA61B42C769F799D2576455
 |   |   |- Guid:CBBB70954AAB172B87D36581564976AE BaseClass: NativeClass:/Script/Engine.StaticMeshActor Name:StaticMeshActor_UAID_001A7DDA7104F07C01_1559642359 Label:Old_Fence6 SpatiallyLoaded:1 Bounds:IsValid=true, Min=(X=2428.052 Y=1398.035 Z=-4.401), Max=(X=2901.948 Y=1449.965 Z=294.401) RuntimeGrid:None EditorOnly:0 RuntimeOnly:0 HLODRelevant:1 FolderPath:Fence FolderGuid:4F57850A4588A9E007BF4C82E70452BB
 |   |   |- Guid:CCDD89584E0A9025F52AEDA51D60CA54 BaseClass: NativeClass:/Script/NavigationSystem.NavMeshBoundsVolume Name:NavMeshBoundsVolume_1 Label:NavMeshBoundsVolume SpatiallyLoaded:0 Bounds:IsValid=true, Min=(X=-100.000 Y=-100.000 Z=-110.000), Max=(X=3100.000 Y=3600.000 Z=390.000) RuntimeGrid:None EditorOnly:0 RuntimeOnly:0 HLODRelevant:0 FolderPath:Navigation FolderGuid:AE45D61F453CC144CF8289862C276E89
 |   |   |- Guid:CE86F66B414FE0191B07ED81185EB22F BaseClass: NativeClass:/Script/Engine.StaticMeshActor Name:StaticMeshActor_UAID_001A7DDA7104F07C01_1571800360 Label:Old_Fence7 SpatiallyLoaded:1 Bounds:IsValid=true, Min=(X=95.052 Y=1033.035 Z=-4.401), Max=(X=568.948 Y=1084.965 Z=294.401) RuntimeGrid:None EditorOnly:0 RuntimeOnly:0 HLODRelevant:1 FolderPath:Fence FolderGuid:4F57850A4588A9E007BF4C82E70452BB
 |   |   |- Guid:D24D61B944EF71BE7BC469B7EB239299 BaseClass: NativeClass:/Script/Engine.ExponentialHeightFog Name:ExponentialHeightFog_1 Label:ExponentialHeightFog SpatiallyLoaded:0 Bounds:IsValid=true, Min=(X=-5600.000 Y=-50.000 Z=-6850.000), Max=(X=-5600.000 Y=-50.000 Z=-6850.000) RuntimeGrid:None EditorOnly:0 RuntimeOnly:0 HLODRelevant:0 FolderPath:Lighting FolderGuid:4C9334684BA61B42C769F799D2576455
 |   |   |- Guid:E0B09AB74FB7855B591697B04E04671D BaseClass: NativeClass:/Script/Engine.StaticMeshActor Name:StaticMeshActor_UAID_001A7DDA7104F07C01_1571803361 Label:Old_Fence8 SpatiallyLoaded:1 Bounds:IsValid=true, Min=(X=96.052 Y=1399.035 Z=-4.401), Max=(X=569.948 Y=1450.965 Z=294.401) RuntimeGrid:None EditorOnly:0 RuntimeOnly:0 HLODRelevant:1 FolderPath:Fence FolderGuid:4F57850A4588A9E007BF4C82E70452BB
 |   |   |- Guid:E33AE5AC4D7650BE717849934EB0E68B BaseClass:/Game/Blueprints/Constructions/BP_btn3.BP_btn3_C NativeClass:/Script/Engine.Actor Name:BP_btn3_C_UAID_001A7DDA7104EF7C01_1377340169 Label:BP_btn3 SpatiallyLoaded:1 Bounds:IsValid=true, Min=(X=861.000 Y=385.000 Z=-5.000), Max=(X=1061.000 Y=585.000 Z=89.000) RuntimeGrid:None EditorOnly:0 RuntimeOnly:0 HLODRelevant:0
 |   |   |- Guid:E9F51259425B785A35C436A5559AD7B4 BaseClass: NativeClass:/Script/Engine.StaticMeshActor Name:StaticMeshActor_19 Label:SM_Cube3 SpatiallyLoaded:1 Bounds:IsValid=true, Min=(X=0.000 Y=3400.000 Z=0.000), Max=(X=3000.000 Y=3500.000 Z=400.000) RuntimeGrid:None EditorOnly:0 RuntimeOnly:0 HLODRelevant:1 FolderPath:Playground FolderGuid:9FE5E8B349AF71F05F2688921F3F2AC5
 |   |   |- Guid:EF0BB330454D9708B33275868C24FC67 BaseClass: NativeClass:/Script/Engine.StaticMeshActor Name:StaticMeshActor_UAID_001A7DDA7104F07C01_1528406355 Label:Old_Fence2 SpatiallyLoaded:1 Bounds:IsValid=true, Min=(X=2426.052 Y=2896.035 Z=-4.401), Max=(X=2899.948 Y=2947.965 Z=294.401) RuntimeGrid:None EditorOnly:0 RuntimeOnly:0 HLODRelevant:1 FolderPath:Fence FolderGuid:4F57850A4588A9E007BF4C82E70452BB
 |   |   |- Guid:F07559B14CE9ADE1215992AA417A945E BaseClass: NativeClass:/Script/Engine.StaticMeshActor Name:StaticMeshActor_18 Label:SM_Cube2 SpatiallyLoaded:1 Bounds:IsValid=true, Min=(X=0.000 Y=0.000 Z=0.000), Max=(X=3000.000 Y=100.000 Z=400.000) RuntimeGrid:None EditorOnly:0 RuntimeOnly:0 HLODRelevant:1 FolderPath:Playground FolderGuid:9FE5E8B349AF71F05F2688921F3F2AC5
 |   |   |- Guid:F0BFB54E451074FC508AB4875CCAF00B BaseClass:/Game/Blueprints/Constructions/BP_btn1.BP_btn1_C NativeClass:/Script/Engine.Actor Name:BP_btn1_C_UAID_001A7DDA7104EE7C01_1935460991 Label:BP_btn1 SpatiallyLoaded:1 Bounds:IsValid=true, Min=(X=2080.000 Y=380.000 Z=-5.000), Max=(X=2280.000 Y=580.000 Z=89.000) RuntimeGrid:None EditorOnly:0 RuntimeOnly:0 HLODRelevant:0
 |   |   |- Guid:F32D2EB54D17430F8236139CF240571C BaseClass: NativeClass:/Script/Engine.CameraActor Name:CameraActor_UAID_001A7DDA7104ED7C01_1074445815 Label:CameraActor SpatiallyLoaded:1 Bounds:IsValid=true, Min=(X=1560.000 Y=20.000 Z=2370.000), Max=(X=1560.000 Y=20.000 Z=2370.000) RuntimeGrid:None EditorOnly:0 RuntimeOnly:0 HLODRelevant:0
 |   |   |- Guid:F33CC5014C49925B3A9D52A063AF483F BaseClass: NativeClass:/Script/Engine.PlayerStart Name:PlayerStart_0 Label:PlayerStart SpatiallyLoaded:0 Bounds:IsValid=true, Min=(X=960.000 Y=1770.000 Z=0.013), Max=(X=1040.000 Y=1850.000 Z=184.013) RuntimeGrid:None EditorOnly:0 RuntimeOnly:0 HLODRelevant:0
 |   |   |- Guid:F8C70B974D5837BA6D05EA92DEF4298B BaseClass: NativeClass:/Script/Engine.StaticMeshActor Name:StaticMeshActor_UAID_001A7DDA7104F07C01_1553504356 Label:Old_Fence3 SpatiallyLoaded:1 Bounds:IsValid=true, Min=(X=2426.052 Y=1765.035 Z=-4.401), Max=(X=2899.948 Y=1816.965 Z=294.401) RuntimeGrid:None EditorOnly:0 RuntimeOnly:0 HLODRelevant:1 FolderPath:Fence FolderGuid:4F57850A4588A9E007BF4C82E70452BB
 |   |- [+] Clusters:
 |   |   |- [+] [  0]
 |   |   |   |- Guid:379F43854CC002843EBB0DA83F4E9903 BaseClass: NativeClass:/Script/Engine.StaticMeshActor Name:StaticMeshActor_UAID_001A7DDA7104F07C01_1600717363 Label:Old_Fence10 SpatiallyLoaded:1 Bounds:IsValid=true, Min=(X=97.052 Y=2132.035 Z=-4.401), Max=(X=570.948 Y=2183.965 Z=294.401) RuntimeGrid:None EditorOnly:0 RuntimeOnly:0 HLODRelevant:1 FolderPath:Fence FolderGuid:4F57850A4588A9E007BF4C82E70452BB
 |   |   |- [+] [  1]
 |   |   |   |- Guid:0F4324B34E091887A24AD9995AE727D1 BaseClass: NativeClass:/Script/Engine.StaticMeshActor Name:StaticMeshActor_23 Label:SM_Cube6 SpatiallyLoaded:1 Bounds:IsValid=true, Min=(X=2900.000 Y=100.000 Z=0.000), Max=(X=3000.000 Y=3400.000 Z=400.000) RuntimeGrid:None EditorOnly:0 RuntimeOnly:0 HLODRelevant:1 FolderPath:Playground FolderGuid:9FE5E8B349AF71F05F2688921F3F2AC5
 |   |   |- [+] [  2]
 |   |   |   |- Guid:4FB693B643D63E8A3B0A3689F0603C52 BaseClass: NativeClass:/Script/Engine.StaticMeshActor Name:StaticMeshActor_UAID_001A7DDA7104F07C01_1600716362 Label:Old_Fence9 SpatiallyLoaded:1 Bounds:IsValid=true, Min=(X=96.052 Y=1766.035 Z=-4.401), Max=(X=569.948 Y=1817.965 Z=294.401) RuntimeGrid:None EditorOnly:0 RuntimeOnly:0 HLODRelevant:1 FolderPath:Fence FolderGuid:4F57850A4588A9E007BF4C82E70452BB
 |   |   |- [+] [  3]
 |   |   |   |- Guid:CCDD89584E0A9025F52AEDA51D60CA54 BaseClass: NativeClass:/Script/NavigationSystem.NavMeshBoundsVolume Name:NavMeshBoundsVolume_1 Label:NavMeshBoundsVolume SpatiallyLoaded:0 Bounds:IsValid=true, Min=(X=-100.000 Y=-100.000 Z=-110.000), Max=(X=3100.000 Y=3600.000 Z=390.000) RuntimeGrid:None EditorOnly:0 RuntimeOnly:0 HLODRelevant:0 FolderPath:Navigation FolderGuid:AE45D61F453CC144CF8289862C276E89
 |   |   |- [+] [  4]
 |   |   |   |- Guid:F07559B14CE9ADE1215992AA417A945E BaseClass: NativeClass:/Script/Engine.StaticMeshActor Name:StaticMeshActor_18 Label:SM_Cube2 SpatiallyLoaded:1 Bounds:IsValid=true, Min=(X=0.000 Y=0.000 Z=0.000), Max=(X=3000.000 Y=100.000 Z=400.000) RuntimeGrid:None EditorOnly:0 RuntimeOnly:0 HLODRelevant:1 FolderPath:Playground FolderGuid:9FE5E8B349AF71F05F2688921F3F2AC5
 |   |   |- [+] [  5]
 |   |   |   |- Guid:7026BAF049CEC4B43B3969B3BC797373 BaseClass: NativeClass:/Script/Engine.StaticMeshActor Name:StaticMeshActor_UAID_001A7DDA7104F07C01_1559640358 Label:Old_Fence5 SpatiallyLoaded:1 Bounds:IsValid=true, Min=(X=2427.052 Y=1032.035 Z=-4.401), Max=(X=2900.948 Y=1083.965 Z=294.401) RuntimeGrid:None EditorOnly:0 RuntimeOnly:0 HLODRelevant:1 FolderPath:Fence FolderGuid:4F57850A4588A9E007BF4C82E70452BB
 |   |   |- [+] [  6]
 |   |   |   |- Guid:2169CB5C470E0E674279BA96829753DD BaseClass: NativeClass:/Script/Engine.StaticMeshActor Name:StaticMeshActor_17 Label:SM_Cube SpatiallyLoaded:1 Bounds:IsValid=true, Min=(X=0.000 Y=0.000 Z=-50.000), Max=(X=3000.000 Y=3500.000 Z=0.000) RuntimeGrid:None EditorOnly:0 RuntimeOnly:0 HLODRelevant:1 FolderPath:Playground FolderGuid:9FE5E8B349AF71F05F2688921F3F2AC5
 |   |   |- [+] [  7]
 |   |   |   |- Guid:E33AE5AC4D7650BE717849934EB0E68B BaseClass:/Game/Blueprints/Constructions/BP_btn3.BP_btn3_C NativeClass:/Script/Engine.Actor Name:BP_btn3_C_UAID_001A7DDA7104EF7C01_1377340169 Label:BP_btn3 SpatiallyLoaded:1 Bounds:IsValid=true, Min=(X=861.000 Y=385.000 Z=-5.000), Max=(X=1061.000 Y=585.000 Z=89.000) RuntimeGrid:None EditorOnly:0 RuntimeOnly:0 HLODRelevant:0
 |   |   |- [+] [  8]
 |   |   |   |- Guid:1FEC8FAC495CEF0CE32492ADCBB96BAE BaseClass: NativeClass:/Script/AIModule.NavLinkProxy Name:NavLinkProxy_3 Label:NavLinkProxy3 SpatiallyLoaded:1 Bounds:IsValid=true, Min=(X=2240.000 Y=1030.000 Z=90.000), Max=(X=2240.000 Y=1030.000 Z=90.000) RuntimeGrid:None EditorOnly:0 RuntimeOnly:0 HLODRelevant:0 FolderPath:Navigation FolderGuid:AE45D61F453CC144CF8289862C276E89
 |   |   |- [+] [  9]
 |   |   |   |- Guid:6252C7D64ACF162A73EE65B11FE214D1 BaseClass: NativeClass:/Script/Engine.SkyAtmosphere Name:SkyAtmosphere_1 Label:SkyAtmosphere SpatiallyLoaded:0 Bounds:IsValid=true, Min=(X=0.000 Y=0.000 Z=1020.000), Max=(X=0.000 Y=0.000 Z=1020.000) RuntimeGrid:None EditorOnly:0 RuntimeOnly:0 HLODRelevant:0 FolderPath:Lighting FolderGuid:4C9334684BA61B42C769F799D2576455
 |   |   |- [+] [ 10]
 |   |   |   |- Guid:CE86F66B414FE0191B07ED81185EB22F BaseClass: NativeClass:/Script/Engine.StaticMeshActor Name:StaticMeshActor_UAID_001A7DDA7104F07C01_1571800360 Label:Old_Fence7 SpatiallyLoaded:1 Bounds:IsValid=true, Min=(X=95.052 Y=1033.035 Z=-4.401), Max=(X=568.948 Y=1084.965 Z=294.401) RuntimeGrid:None EditorOnly:0 RuntimeOnly:0 HLODRelevant:1 FolderPath:Fence FolderGuid:4F57850A4588A9E007BF4C82E70452BB
 |   |   |- [+] [ 11]
 |   |   |   |- Guid:D24D61B944EF71BE7BC469B7EB239299 BaseClass: NativeClass:/Script/Engine.ExponentialHeightFog Name:ExponentialHeightFog_1 Label:ExponentialHeightFog SpatiallyLoaded:0 Bounds:IsValid=true, Min=(X=-5600.000 Y=-50.000 Z=-6850.000), Max=(X=-5600.000 Y=-50.000 Z=-6850.000) RuntimeGrid:None EditorOnly:0 RuntimeOnly:0 HLODRelevant:0 FolderPath:Lighting FolderGuid:4C9334684BA61B42C769F799D2576455
 |   |   |- [+] [ 12]
 |   |   |   |- Guid:77F893B3468595EE782136AD620D7EF4 BaseClass: NativeClass:/Script/Engine.VolumetricCloud Name:VolumetricCloud_0 Label:VolumetricCloud SpatiallyLoaded:0 Bounds:IsValid=true, Min=(X=0.000 Y=0.000 Z=820.000), Max=(X=0.000 Y=0.000 Z=820.000) RuntimeGrid:None EditorOnly:0 RuntimeOnly:0 HLODRelevant:0 FolderPath:Lighting FolderGuid:4C9334684BA61B42C769F799D2576455
 |   |   |- [+] [ 13]
 |   |   |   |- Guid:7E74D47547F695C6BE7097AF9EE18E84 BaseClass: NativeClass:/Script/Engine.StaticMeshActor Name:StaticMeshActor_UAID_001A7DDA7104F07C01_1608134365 Label:Old_Fence12 SpatiallyLoaded:1 Bounds:IsValid=true, Min=(X=98.052 Y=2900.035 Z=-4.401), Max=(X=571.948 Y=2951.965 Z=294.401) RuntimeGrid:None EditorOnly:0 RuntimeOnly:0 HLODRelevant:1 FolderPath:Fence FolderGuid:4F57850A4588A9E007BF4C82E70452BB
 |   |   |- [+] [ 14]
 |   |   |   |- Guid:0B46B0D54148F7DA72B1CA802C5E2DCF BaseClass: NativeClass:/Script/Engine.StaticMeshActor Name:StaticMeshActor_UAID_001A7DDA7104F07C01_1384219353 Label:Old_Fence SpatiallyLoaded:1 Bounds:IsValid=true, Min=(X=2425.052 Y=2530.035 Z=-4.401), Max=(X=2898.948 Y=2581.965 Z=294.401) RuntimeGrid:None EditorOnly:0 RuntimeOnly:0 HLODRelevant:1 FolderPath:Fence FolderGuid:4F57850A4588A9E007BF4C82E70452BB
 |   |   |- [+] [ 15]
 |   |   |   |- Guid:F33CC5014C49925B3A9D52A063AF483F BaseClass: NativeClass:/Script/Engine.PlayerStart Name:PlayerStart_0 Label:PlayerStart SpatiallyLoaded:0 Bounds:IsValid=true, Min=(X=960.000 Y=1770.000 Z=0.013), Max=(X=1040.000 Y=1850.000 Z=184.013) RuntimeGrid:None EditorOnly:0 RuntimeOnly:0 HLODRelevant:0
 |   |   |- [+] [ 16]
 |   |   |   |- Guid:F8C70B974D5837BA6D05EA92DEF4298B BaseClass: NativeClass:/Script/Engine.StaticMeshActor Name:StaticMeshActor_UAID_001A7DDA7104F07C01_1553504356 Label:Old_Fence3 SpatiallyLoaded:1 Bounds:IsValid=true, Min=(X=2426.052 Y=1765.035 Z=-4.401), Max=(X=2899.948 Y=1816.965 Z=294.401) RuntimeGrid:None EditorOnly:0 RuntimeOnly:0 HLODRelevant:1 FolderPath:Fence FolderGuid:4F57850A4588A9E007BF4C82E70452BB
 |   |   |- [+] [ 17]
 |   |   |   |- Guid:147C8D134B12D635012D5F8C57D2C96F BaseClass: NativeClass:/Script/Engine.PostProcessVolume Name:PostProcessVolume_1 Label:PostProcessVolume SpatiallyLoaded:0 Bounds:IsValid=true, Min=(X=0.000 Y=0.000 Z=400.000), Max=(X=200.000 Y=200.000 Z=600.000) RuntimeGrid:None EditorOnly:0 RuntimeOnly:0 HLODRelevant:0 FolderPath:Lighting FolderGuid:4C9334684BA61B42C769F799D2576455
 |   |   |- [+] [ 18]
 |   |   |   |- Guid:306929B142C99B3AD97B3C9F251C2129 BaseClass: NativeClass:/Script/Engine.StaticMeshActor Name:StaticMeshActor_22 Label:SM_Cube5 SpatiallyLoaded:1 Bounds:IsValid=true, Min=(X=-0.000 Y=100.000 Z=0.000), Max=(X=100.000 Y=3400.000 Z=400.000) RuntimeGrid:None EditorOnly:0 RuntimeOnly:0 HLODRelevant:1 FolderPath:Playground FolderGuid:9FE5E8B349AF71F05F2688921F3F2AC5
 |   |   |- [+] [ 19]
 |   |   |   |- Guid:2BA1D00D4A2A6085FBF0E680BE09EF63 BaseClass: NativeClass:/Script/Engine.StaticMeshActor Name:StaticMeshActor_UAID_001A7DDA7104F07C01_1553505357 Label:Old_Fence4 SpatiallyLoaded:1 Bounds:IsValid=true, Min=(X=2427.052 Y=2131.035 Z=-4.401), Max=(X=2900.948 Y=2182.965 Z=294.401) RuntimeGrid:None EditorOnly:0 RuntimeOnly:0 HLODRelevant:1 FolderPath:Fence FolderGuid:4F57850A4588A9E007BF4C82E70452BB
 |   |   |- [+] [ 20]
 |   |   |   |- Guid:F32D2EB54D17430F8236139CF240571C BaseClass: NativeClass:/Script/Engine.CameraActor Name:CameraActor_UAID_001A7DDA7104ED7C01_1074445815 Label:CameraActor SpatiallyLoaded:1 Bounds:IsValid=true, Min=(X=1560.000 Y=20.000 Z=2370.000), Max=(X=1560.000 Y=20.000 Z=2370.000) RuntimeGrid:None EditorOnly:0 RuntimeOnly:0 HLODRelevant:0
 |   |   |- [+] [ 21]
 |   |   |   |- Guid:AECEEEE741E6DE68F6843FA49564A956 BaseClass: NativeClass:/Script/Engine.DirectionalLight Name:DirectionalLight_1 Label:DirectionalLight SpatiallyLoaded:0 Bounds:IsValid=true, Min=(X=-1048576.000 Y=-1048576.000 Z=-1048576.000), Max=(X=1048576.000 Y=1048576.000 Z=1048576.000) RuntimeGrid:None EditorOnly:0 RuntimeOnly:0 HLODRelevant:0 FolderPath:Lighting FolderGuid:4C9334684BA61B42C769F799D2576455
 |   |   |- [+] [ 22]
 |   |   |   |- Guid:2DF0D95440BE0EDA81652F860DC7268E BaseClass: NativeClass:/Script/Engine.WorldDataLayers Name:WorldDataLayers Label:WorldDataLayers SpatiallyLoaded:0 Bounds:IsValid=true, Min=(X=0.000 Y=0.000 Z=0.000), Max=(X=0.000 Y=0.000 Z=0.000) RuntimeGrid:None EditorOnly:0 RuntimeOnly:0 HLODRelevant:0
 |   |   |- [+] [ 23]
 |   |   |   |- Guid:E9F51259425B785A35C436A5559AD7B4 BaseClass: NativeClass:/Script/Engine.StaticMeshActor Name:StaticMeshActor_19 Label:SM_Cube3 SpatiallyLoaded:1 Bounds:IsValid=true, Min=(X=0.000 Y=3400.000 Z=0.000), Max=(X=3000.000 Y=3500.000 Z=400.000) RuntimeGrid:None EditorOnly:0 RuntimeOnly:0 HLODRelevant:1 FolderPath:Playground FolderGuid:9FE5E8B349AF71F05F2688921F3F2AC5
 |   |   |- [+] [ 24]
 |   |   |   |- Guid:E0B09AB74FB7855B591697B04E04671D BaseClass: NativeClass:/Script/Engine.StaticMeshActor Name:StaticMeshActor_UAID_001A7DDA7104F07C01_1571803361 Label:Old_Fence8 SpatiallyLoaded:1 Bounds:IsValid=true, Min=(X=96.052 Y=1399.035 Z=-4.401), Max=(X=569.948 Y=1450.965 Z=294.401) RuntimeGrid:None EditorOnly:0 RuntimeOnly:0 HLODRelevant:1 FolderPath:Fence FolderGuid:4F57850A4588A9E007BF4C82E70452BB
 |   |   |- [+] [ 25]
 |   |   |   |- Guid:88A068D04CDDCBFB64185394B4A51D42 BaseClass: NativeClass:/Script/Engine.StaticMeshActor Name:StaticMeshActor_UAID_001A7DDA7104F07C01_1608132364 Label:Old_Fence11 SpatiallyLoaded:1 Bounds:IsValid=true, Min=(X=97.052 Y=2534.035 Z=-4.401), Max=(X=570.948 Y=2585.965 Z=294.401) RuntimeGrid:None EditorOnly:0 RuntimeOnly:0 HLODRelevant:1 FolderPath:Fence FolderGuid:4F57850A4588A9E007BF4C82E70452BB
 |   |   |- [+] [ 26]
 |   |   |   |- Guid:66BCBF874D2A22ADC6523B95EE812CA3 BaseClass: NativeClass:/Script/Engine.StaticMeshActor Name:StaticMeshActor_UAID_A4AE111137DC5CFB00_1660657071 Label:SM_SkySphere SpatiallyLoaded:0 Bounds:IsValid=true, Min=(X=-1638400.000 Y=-1638400.000 Z=-1638400.000), Max=(X=1638400.000 Y=1638400.000 Z=1638400.000) RuntimeGrid:None EditorOnly:0 RuntimeOnly:0 HLODRelevant:1 FolderPath:Lighting FolderGuid:4C9334684BA61B42C769F799D2576455
 |   |   |- [+] [ 27]
 |   |   |   |- Guid:CBBB70954AAB172B87D36581564976AE BaseClass: NativeClass:/Script/Engine.StaticMeshActor Name:StaticMeshActor_UAID_001A7DDA7104F07C01_1559642359 Label:Old_Fence6 SpatiallyLoaded:1 Bounds:IsValid=true, Min=(X=2428.052 Y=1398.035 Z=-4.401), Max=(X=2901.948 Y=1449.965 Z=294.401) RuntimeGrid:None EditorOnly:0 RuntimeOnly:0 HLODRelevant:1 FolderPath:Fence FolderGuid:4F57850A4588A9E007BF4C82E70452BB
 |   |   |- [+] [ 28]
 |   |   |   |- Guid:F0BFB54E451074FC508AB4875CCAF00B BaseClass:/Game/Blueprints/Constructions/BP_btn1.BP_btn1_C NativeClass:/Script/Engine.Actor Name:BP_btn1_C_UAID_001A7DDA7104EE7C01_1935460991 Label:BP_btn1 SpatiallyLoaded:1 Bounds:IsValid=true, Min=(X=2080.000 Y=380.000 Z=-5.000), Max=(X=2280.000 Y=580.000 Z=89.000) RuntimeGrid:None EditorOnly:0 RuntimeOnly:0 HLODRelevant:0
 |   |   |- [+] [ 29]
 |   |   |   |- Guid:44D5069943B8D75B29DF08AE1C0C6268 BaseClass:/Game/Blueprints/Constructions/BP_btn2.BP_btn2_C NativeClass:/Script/Engine.Actor Name:BP_btn2_C_UAID_001A7DDA7104EF7C01_1359736168 Label:BP_btn2 SpatiallyLoaded:1 Bounds:IsValid=true, Min=(X=1454.000 Y=382.000 Z=-5.000), Max=(X=1654.000 Y=582.000 Z=89.000) RuntimeGrid:None EditorOnly:0 RuntimeOnly:0 HLODRelevant:0
 |   |   |- [+] [ 30]
 |   |   |   |- Guid:1742DF43475F097453197AA79C7473D9 BaseClass: NativeClass:/Script/Engine.SkyLight Name:SkyLight_1 Label:SkyLight SpatiallyLoaded:0 Bounds:IsValid=true, Min=(X=0.000 Y=0.000 Z=690.000), Max=(X=0.000 Y=0.000 Z=690.000) RuntimeGrid:None EditorOnly:0 RuntimeOnly:0 HLODRelevant:0 FolderPath:Lighting FolderGuid:4C9334684BA61B42C769F799D2576455
 |   |   |- [+] [ 31]
 |   |   |   |- Guid:EF0BB330454D9708B33275868C24FC67 BaseClass: NativeClass:/Script/Engine.StaticMeshActor Name:StaticMeshActor_UAID_001A7DDA7104F07C01_1528406355 Label:Old_Fence2 SpatiallyLoaded:1 Bounds:IsValid=true, Min=(X=2426.052 Y=2896.035 Z=-4.401), Max=(X=2899.948 Y=2947.965 Z=294.401) RuntimeGrid:None EditorOnly:0 RuntimeOnly:0 HLODRelevant:1 FolderPath:Fence FolderGuid:4F57850A4588A9E007BF4C82E70452BB
 |- ContainerInstances:
 |- [+] MainContainer:
 |   |-        ID: 0x0000000000000000
 |   |-    Bounds: IsValid=false, Min=(X=0.000 Y=0.000 Z=0.000), Max=(X=0.000 Y=0.000 Z=0.000)
 |   |- Transform: 0.000000,0.000000,0.000000|0.000000,0.000000,-0.000000|1.000000,1.000000,1.000000
 |   |- Container: /Game/TopDown/Maps/TopDownMap
----------------------------------------------------------------------------------------------------------------
TopDownMap - Persistent Level
----------------------------------------------------------------------------------------------------------------
Always loaded Actor Count: 61 

----------------------------------------------------------------------------------------------------------------
TopDownMap - Runtime Spatial Hash - Streaming Grid - MainGrid
----------------------------------------------------------------------------------------------------------------
            Origin: X=0.000 Y=0.000 Z=0.000
         Cell Size: 12800
      World Bounds: IsValid=false, Min=(X=0.000 Y=0.000 Z=0.000), Max=(X=0.000 Y=0.000 Z=0.000)
     Loading Range: 25600.00
Block Slow Loading: No
 ClientOnlyVisible: No

[+] Grid Levels: 1
 |- Level  0: Cell Count    0 | Cell Size   12800 | Actor Count    0 (0.0%)

[+] Content of Grid Level 0

