[+] Containers:
 |- [+] Container: /Game/Maps/TopDownMap
 |   |- [+] ActorDescs:
 |   |   |- Guid:0B46B0D54148F7DA72B1CA802C5E2DCF BaseClass: NativeClass:/Script/Engine.StaticMeshActor Name:StaticMeshActor_UAID_001A7DDA7104F07C01_1384219353 Label:Old_Fence SpatiallyLoaded:1 Bounds:IsValid=true, Min=(X=2425.052 Y=2530.035 Z=-4.401), Max=(X=2898.948 Y=2581.965 Z=294.401) RuntimeGrid:None EditorOnly:0 RuntimeOnly:0 HLODRelevant:1 FolderPath:Fence FolderGuid:4F57850A4588A9E007BF4C82E70452BB
 |   |   |- Guid:0F4324B34E091887A24AD9995AE727D1 BaseClass: NativeClass:/Script/Engine.StaticMeshActor Name:StaticMeshActor_23 Label:SM_Cube6 SpatiallyLoaded:1 Bounds:IsValid=true, Min=(X=2900.000 Y=100.000 Z=0.000), Max=(X=3000.000 Y=3400.000 Z=400.000) RuntimeGrid:None EditorOnly:0 RuntimeOnly:0 HLODRelevant:1 FolderPath:Playground FolderGuid:9FE5E8B349AF71F05F2688921F3F2AC5
 |   |   |- Guid:147C8D134B12D635012D5F8C57D2C96F BaseClass: NativeClass:/Script/Engine.PostProcessVolume Name:PostProcessVolume_1 Label:PostProcessVolume SpatiallyLoaded:0 Bounds:IsValid=true, Min=(X=0.000 Y=0.000 Z=400.000), Max=(X=200.000 Y=200.000 Z=600.000) RuntimeGrid:None EditorOnly:0 RuntimeOnly:0 HLODRelevant:0 FolderPath:Lighting FolderGuid:4C9334684BA61B42C769F799D2576455
 |   |   |- Guid:1742DF43475F097453197AA79C7473D9 BaseClass: NativeClass:/Script/Engine.SkyLight Name:SkyLight_1 Label:SkyLight SpatiallyLoaded:0 Bounds:IsValid=true, Min=(X=0.000 Y=0.000 Z=690.000), Max=(X=0.000 Y=0.000 Z=690.000) RuntimeGrid:None EditorOnly:0 RuntimeOnly:0 HLODRelevant:0 FolderPath:Lighting FolderGuid:4C9334684BA61B42C769F799D2576455
 |   |   |- Guid:2169CB5C470E0E674279BA96829753DD BaseClass: NativeClass:/Script/Engine.StaticMeshActor Name:StaticMeshActor_17 Label:SM_Cube SpatiallyLoaded:1 Bounds:IsValid=true, Min=(X=0.000 Y=0.000 Z=-50.000), Max=(X=3000.000 Y=3500.000 Z=0.000) RuntimeGrid:None EditorOnly:0 RuntimeOnly:0 HLODRelevant:1 FolderPath:Playground FolderGuid:9FE5E8B349AF71F05F2688921F3F2AC5
 |   |   |- Guid:21C58DCA442779A8B4CF2C8812379914 BaseClass: NativeClass:/Script/Engine.StaticMeshActor Name:StaticMeshActor_UAID_001A7DDA7104147D01_1567183682 Label:SM_Cube9 SpatiallyLoaded:1 Bounds:IsValid=true, Min=(X=3000.000 Y=2.000 Z=-100.000), Max=(X=3100.000 Y=3502.000 Z=400.000) RuntimeGrid:None EditorOnly:0 RuntimeOnly:0 HLODRelevant:1
 |   |   |- Guid:21E5E1254A2299D431DC1FA0EC53F800 BaseClass:/Game/Blueprints/Constructions/Buttons/BP_btn.BP_btn_C NativeClass:/Script/Engine.Actor Name:BP_btn_C_UAID_001A7DDA7104047D01_1349245863 Label:BP_btn SpatiallyLoaded:1 Bounds:IsValid=true, Min=(X=1987.500 Y=329.500 Z=-8.125), Max=(X=2312.500 Y=654.500 Z=146.250) RuntimeGrid:None EditorOnly:0 RuntimeOnly:0 HLODRelevant:0
 |   |   |- Guid:248932F54A99E0A9851B4EA23DC8ED3C BaseClass:/Game/Blueprints/Constructions/Buttons/BP_btn2.BP_btn2_C NativeClass:/Script/Engine.Actor Name:BP_btn2_C_UAID_001A7DDA7104FC7C01_1757642455 Label:BP_btn2 SpatiallyLoaded:1 Bounds:IsValid=true, Min=(X=1387.500 Y=329.500 Z=-8.125), Max=(X=1712.500 Y=654.500 Z=146.250) RuntimeGrid:None EditorOnly:0 RuntimeOnly:0 HLODRelevant:0
 |   |   |- Guid:2BA1D00D4A2A6085FBF0E680BE09EF63 BaseClass: NativeClass:/Script/Engine.StaticMeshActor Name:StaticMeshActor_UAID_001A7DDA7104F07C01_1553505357 Label:Old_Fence4 SpatiallyLoaded:1 Bounds:IsValid=true, Min=(X=2427.052 Y=2131.035 Z=-4.401), Max=(X=2900.948 Y=2182.965 Z=294.401) RuntimeGrid:None EditorOnly:0 RuntimeOnly:0 HLODRelevant:1 FolderPath:Fence FolderGuid:4F57850A4588A9E007BF4C82E70452BB
 |   |   |- Guid:2DF0D95440BE0EDA81652F860DC7268E BaseClass: NativeClass:/Script/Engine.WorldDataLayers Name:WorldDataLayers Label:WorldDataLayers SpatiallyLoaded:0 Bounds:IsValid=true, Min=(X=0.000 Y=0.000 Z=0.000), Max=(X=0.000 Y=0.000 Z=0.000) RuntimeGrid:None EditorOnly:0 RuntimeOnly:0 HLODRelevant:0
 |   |   |- Guid:306929B142C99B3AD97B3C9F251C2129 BaseClass: NativeClass:/Script/Engine.StaticMeshActor Name:StaticMeshActor_22 Label:SM_Cube5 SpatiallyLoaded:1 Bounds:IsValid=true, Min=(X=-0.000 Y=100.000 Z=0.000), Max=(X=100.000 Y=3400.000 Z=400.000) RuntimeGrid:None EditorOnly:0 RuntimeOnly:0 HLODRelevant:0 FolderPath:Playground FolderGuid:9FE5E8B349AF71F05F2688921F3F2AC5
 |   |   |- Guid:379F43854CC002843EBB0DA83F4E9903 BaseClass: NativeClass:/Script/Engine.StaticMeshActor Name:StaticMeshActor_UAID_001A7DDA7104F07C01_1600717363 Label:Old_Fence10 SpatiallyLoaded:1 Bounds:IsValid=true, Min=(X=97.052 Y=2132.035 Z=-4.401), Max=(X=570.948 Y=2183.965 Z=294.401) RuntimeGrid:None EditorOnly:0 RuntimeOnly:0 HLODRelevant:1 FolderPath:Fence FolderGuid:4F57850A4588A9E007BF4C82E70452BB
 |   |   |- Guid:42043C7C45B6EC61466112998FB5315C BaseClass:/Game/Blueprints/Constructions/Buttons/BP_btn3.BP_btn3_C NativeClass:/Script/Engine.Actor Name:BP_btn3_C_UAID_001A7DDA7104047D01_1355110864 Label:BP_btn3 SpatiallyLoaded:1 Bounds:IsValid=true, Min=(X=787.500 Y=329.500 Z=-8.125), Max=(X=1112.500 Y=654.500 Z=146.250) RuntimeGrid:None EditorOnly:0 RuntimeOnly:0 HLODRelevant:0
 |   |   |- Guid:4FB693B643D63E8A3B0A3689F0603C52 BaseClass: NativeClass:/Script/Engine.StaticMeshActor Name:StaticMeshActor_UAID_001A7DDA7104F07C01_1600716362 Label:Old_Fence9 SpatiallyLoaded:1 Bounds:IsValid=true, Min=(X=96.052 Y=1766.035 Z=-4.401), Max=(X=569.948 Y=1817.965 Z=294.401) RuntimeGrid:None EditorOnly:0 RuntimeOnly:0 HLODRelevant:1 FolderPath:Fence FolderGuid:4F57850A4588A9E007BF4C82E70452BB
 |   |   |- Guid:606A1C09400282B75CDE259E68385985 BaseClass: NativeClass:/Script/Engine.TriggerBox Name:TriggerBox_UAID_001A7DDA7104057D01_1209004042 Label:TriggerBox3 SpatiallyLoaded:1 Bounds:IsValid=true, Min=(X=131.000 Y=2697.000 Z=95.000), Max=(X=211.000 Y=2777.000 Z=175.000) RuntimeGrid:None EditorOnly:0 RuntimeOnly:0 HLODRelevant:0
 |   |   |- Guid:6252C7D64ACF162A73EE65B11FE214D1 BaseClass: NativeClass:/Script/Engine.SkyAtmosphere Name:SkyAtmosphere_1 Label:SkyAtmosphere SpatiallyLoaded:0 Bounds:IsValid=true, Min=(X=0.000 Y=0.000 Z=1020.000), Max=(X=0.000 Y=0.000 Z=1020.000) RuntimeGrid:None EditorOnly:0 RuntimeOnly:0 HLODRelevant:0 FolderPath:Lighting FolderGuid:4C9334684BA61B42C769F799D2576455
 |   |   |- Guid:66BCBF874D2A22ADC6523B95EE812CA3 BaseClass: NativeClass:/Script/Engine.StaticMeshActor Name:StaticMeshActor_UAID_A4AE111137DC5CFB00_1660657071 Label:SM_SkySphere SpatiallyLoaded:0 Bounds:IsValid=true, Min=(X=-1638400.000 Y=-1638400.000 Z=-1638400.000), Max=(X=1638400.000 Y=1638400.000 Z=1638400.000) RuntimeGrid:None EditorOnly:0 RuntimeOnly:0 HLODRelevant:1 FolderPath:Lighting FolderGuid:4C9334684BA61B42C769F799D2576455
 |   |   |- Guid:7026BAF049CEC4B43B3969B3BC797373 BaseClass: NativeClass:/Script/Engine.StaticMeshActor Name:StaticMeshActor_UAID_001A7DDA7104F07C01_1559640358 Label:Old_Fence5 SpatiallyLoaded:1 Bounds:IsValid=true, Min=(X=2427.052 Y=1032.035 Z=-4.401), Max=(X=2900.948 Y=1083.965 Z=294.401) RuntimeGrid:None EditorOnly:0 RuntimeOnly:0 HLODRelevant:1 FolderPath:Fence FolderGuid:4F57850A4588A9E007BF4C82E70452BB
 |   |   |- Guid:77F893B3468595EE782136AD620D7EF4 BaseClass: NativeClass:/Script/Engine.VolumetricCloud Name:VolumetricCloud_0 Label:VolumetricCloud SpatiallyLoaded:0 Bounds:IsValid=true, Min=(X=0.000 Y=0.000 Z=820.000), Max=(X=0.000 Y=0.000 Z=820.000) RuntimeGrid:None EditorOnly:0 RuntimeOnly:0 HLODRelevant:0 FolderPath:Lighting FolderGuid:4C9334684BA61B42C769F799D2576455
 |   |   |- Guid:7E74D47547F695C6BE7097AF9EE18E84 BaseClass: NativeClass:/Script/Engine.StaticMeshActor Name:StaticMeshActor_UAID_001A7DDA7104F07C01_1608134365 Label:Old_Fence12 SpatiallyLoaded:1 Bounds:IsValid=true, Min=(X=98.052 Y=2900.035 Z=-4.401), Max=(X=571.948 Y=2951.965 Z=294.401) RuntimeGrid:None EditorOnly:0 RuntimeOnly:0 HLODRelevant:1 FolderPath:Fence FolderGuid:4F57850A4588A9E007BF4C82E70452BB
 |   |   |- Guid:8831995F4CA47DE0672AA198BF8F2AF9 BaseClass: NativeClass:/Script/Engine.StaticMeshActor Name:StaticMeshActor_UAID_001A7DDA7104147D01_1374512680 Label:SM_Cube7 SpatiallyLoaded:1 Bounds:IsValid=true, Min=(X=-99.000 Y=1.000 Z=-100.000), Max=(X=1.000 Y=3501.000 Z=400.000) RuntimeGrid:None EditorOnly:0 RuntimeOnly:0 HLODRelevant:1
 |   |   |- Guid:88A068D04CDDCBFB64185394B4A51D42 BaseClass: NativeClass:/Script/Engine.StaticMeshActor Name:StaticMeshActor_UAID_001A7DDA7104F07C01_1608132364 Label:Old_Fence11 SpatiallyLoaded:1 Bounds:IsValid=true, Min=(X=97.052 Y=2534.035 Z=-4.401), Max=(X=570.948 Y=2585.965 Z=294.401) RuntimeGrid:None EditorOnly:0 RuntimeOnly:0 HLODRelevant:1 FolderPath:Fence FolderGuid:4F57850A4588A9E007BF4C82E70452BB
 |   |   |- Guid:9A954D1A421435A61304C4A4A1491FE9 BaseClass: NativeClass:/Script/Engine.StaticMeshActor Name:StaticMeshActor_UAID_001A7DDA7104147D01_1642148684 Label:Old_Fence13 SpatiallyLoaded:1 Bounds:IsValid=true, Min=(X=2511.105 Y=1020.065 Z=-1.648), Max=(X=3009.942 Y=1074.729 Z=312.880) RuntimeGrid:None EditorOnly:0 RuntimeOnly:0 HLODRelevant:1
 |   |   |- Guid:9F45C5604058A023D58619AADF94B8E6 BaseClass: NativeClass:/Script/Engine.StaticMeshActor Name:StaticMeshActor_UAID_001A7DDA7104147D01_1620873683 Label:SM_Cube10 SpatiallyLoaded:1 Bounds:IsValid=true, Min=(X=-99.000 Y=3500.000 Z=-100.000), Max=(X=3101.000 Y=3600.000 Z=400.000) RuntimeGrid:None EditorOnly:0 RuntimeOnly:0 HLODRelevant:1
 |   |   |- Guid:A1403DFD4AF8688595D160938FD67FCB BaseClass: NativeClass:/Script/Engine.StaticMeshActor Name:StaticMeshActor_UAID_001A7DDA7104147D01_1283324679 Label:SM_Cube4 SpatiallyLoaded:1 Bounds:IsValid=true, Min=(X=0.000 Y=0.000 Z=-100.000), Max=(X=3000.000 Y=3500.000 Z=0.000) RuntimeGrid:None EditorOnly:0 RuntimeOnly:0 HLODRelevant:1
 |   |   |- Guid:A205F2A44D54CB3ACE3805B1B5474EE8 BaseClass: NativeClass:/Script/Engine.StaticMeshActor Name:StaticMeshActor_UAID_001A7DDA7104147D01_1458163681 Label:SM_Cube8 SpatiallyLoaded:1 Bounds:IsValid=true, Min=(X=-100.000 Y=-98.000 Z=-100.000), Max=(X=3100.000 Y=2.000 Z=400.000) RuntimeGrid:None EditorOnly:0 RuntimeOnly:0 HLODRelevant:1
 |   |   |- Guid:AECEEEE741E6DE68F6843FA49564A956 BaseClass: NativeClass:/Script/Engine.DirectionalLight Name:DirectionalLight_1 Label:DirectionalLight SpatiallyLoaded:0 Bounds:IsValid=true, Min=(X=-4398046511104.000 Y=-4398046511104.000 Z=-4398046511104.000), Max=(X=4398046511104.000 Y=4398046511104.000 Z=4398046511104.000) RuntimeGrid:None EditorOnly:0 RuntimeOnly:0 HLODRelevant:0 FolderPath:Lighting FolderGuid:4C9334684BA61B42C769F799D2576455
 |   |   |- Guid:BEC0D5534A63BAD2E6A09F8FB4312D89 BaseClass: NativeClass:/Script/Engine.TriggerBox Name:TriggerBox_UAID_001A7DDA7104057D01_1117192039 Label:TriggerBox SpatiallyLoaded:1 Bounds:IsValid=true, Min=(X=129.000 Y=1203.000 Z=95.000), Max=(X=209.000 Y=1283.000 Z=175.000) RuntimeGrid:None EditorOnly:0 RuntimeOnly:0 HLODRelevant:0
 |   |   |- Guid:CBBB70954AAB172B87D36581564976AE BaseClass: NativeClass:/Script/Engine.StaticMeshActor Name:StaticMeshActor_UAID_001A7DDA7104F07C01_1559642359 Label:Old_Fence6 SpatiallyLoaded:1 Bounds:IsValid=true, Min=(X=2428.052 Y=1398.035 Z=-4.401), Max=(X=2901.948 Y=1449.965 Z=294.401) RuntimeGrid:None EditorOnly:0 RuntimeOnly:0 HLODRelevant:1 FolderPath:Fence FolderGuid:4F57850A4588A9E007BF4C82E70452BB
 |   |   |- Guid:CE72A9E040DC5CE4C0D3C5AA909AC387 BaseClass: NativeClass:/Script/Engine.TriggerBox Name:TriggerBox_UAID_001A7DDA7104057D01_1206784041 Label:TriggerBox2 SpatiallyLoaded:1 Bounds:IsValid=true, Min=(X=130.000 Y=1927.000 Z=95.000), Max=(X=210.000 Y=2007.000 Z=175.000) RuntimeGrid:None EditorOnly:0 RuntimeOnly:0 HLODRelevant:0
 |   |   |- Guid:CE86F66B414FE0191B07ED81185EB22F BaseClass: NativeClass:/Script/Engine.StaticMeshActor Name:StaticMeshActor_UAID_001A7DDA7104F07C01_1571800360 Label:Old_Fence7 SpatiallyLoaded:1 Bounds:IsValid=true, Min=(X=95.052 Y=1033.035 Z=-4.401), Max=(X=568.948 Y=1084.965 Z=294.401) RuntimeGrid:None EditorOnly:0 RuntimeOnly:0 HLODRelevant:1 FolderPath:Fence FolderGuid:4F57850A4588A9E007BF4C82E70452BB
 |   |   |- Guid:D24D61B944EF71BE7BC469B7EB239299 BaseClass: NativeClass:/Script/Engine.ExponentialHeightFog Name:ExponentialHeightFog_1 Label:ExponentialHeightFog SpatiallyLoaded:0 Bounds:IsValid=true, Min=(X=-5600.000 Y=-50.000 Z=-6850.000), Max=(X=-5600.000 Y=-50.000 Z=-6850.000) RuntimeGrid:None EditorOnly:0 RuntimeOnly:0 HLODRelevant:0 FolderPath:Lighting FolderGuid:4C9334684BA61B42C769F799D2576455
 |   |   |- Guid:D9FE30174E28579B64D983B83CACB5EE BaseClass: NativeClass:/Script/NavigationSystem.RecastNavMesh Name:RecastNavMesh_UAID_001A7DDA7104137D01-Default Label:RecastNavMesh-Default SpatiallyLoaded:0 Bounds:IsValid=true, Min=(X=0.000 Y=0.000 Z=0.000), Max=(X=0.000 Y=0.000 Z=0.000) RuntimeGrid:None EditorOnly:0 RuntimeOnly:0 HLODRelevant:0
 |   |   |- Guid:E0B09AB74FB7855B591697B04E04671D BaseClass: NativeClass:/Script/Engine.StaticMeshActor Name:StaticMeshActor_UAID_001A7DDA7104F07C01_1571803361 Label:Old_Fence8 SpatiallyLoaded:1 Bounds:IsValid=true, Min=(X=96.052 Y=1399.035 Z=-4.401), Max=(X=569.948 Y=1450.965 Z=294.401) RuntimeGrid:None EditorOnly:0 RuntimeOnly:0 HLODRelevant:1 FolderPath:Fence FolderGuid:4F57850A4588A9E007BF4C82E70452BB
 |   |   |- Guid:E9F51259425B785A35C436A5559AD7B4 BaseClass: NativeClass:/Script/Engine.StaticMeshActor Name:StaticMeshActor_19 Label:SM_Cube3 SpatiallyLoaded:1 Bounds:IsValid=true, Min=(X=0.000 Y=3400.000 Z=0.000), Max=(X=3000.000 Y=3500.000 Z=400.000) RuntimeGrid:None EditorOnly:0 RuntimeOnly:0 HLODRelevant:1 FolderPath:Playground FolderGuid:9FE5E8B349AF71F05F2688921F3F2AC5
 |   |   |- Guid:EF0BB330454D9708B33275868C24FC67 BaseClass: NativeClass:/Script/Engine.StaticMeshActor Name:StaticMeshActor_UAID_001A7DDA7104F07C01_1528406355 Label:Old_Fence2 SpatiallyLoaded:1 Bounds:IsValid=true, Min=(X=2426.052 Y=2896.035 Z=-4.401), Max=(X=2899.948 Y=2947.965 Z=294.401) RuntimeGrid:None EditorOnly:0 RuntimeOnly:0 HLODRelevant:1 FolderPath:Fence FolderGuid:4F57850A4588A9E007BF4C82E70452BB
 |   |   |- Guid:F07559B14CE9ADE1215992AA417A945E BaseClass: NativeClass:/Script/Engine.StaticMeshActor Name:StaticMeshActor_18 Label:SM_Cube2 SpatiallyLoaded:1 Bounds:IsValid=true, Min=(X=0.000 Y=0.000 Z=0.000), Max=(X=3000.000 Y=100.000 Z=400.000) RuntimeGrid:None EditorOnly:0 RuntimeOnly:0 HLODRelevant:1 FolderPath:Playground FolderGuid:9FE5E8B349AF71F05F2688921F3F2AC5
 |   |   |- Guid:F32D2EB54D17430F8236139CF240571C BaseClass: NativeClass:/Script/Engine.CameraActor Name:CameraActor_UAID_001A7DDA7104ED7C01_1074445815 Label:CameraActor SpatiallyLoaded:1 Bounds:IsValid=true, Min=(X=1560.000 Y=20.000 Z=2370.000), Max=(X=1560.000 Y=20.000 Z=2370.000) RuntimeGrid:None EditorOnly:0 RuntimeOnly:0 HLODRelevant:0
 |   |   |- Guid:F8C70B974D5837BA6D05EA92DEF4298B BaseClass: NativeClass:/Script/Engine.StaticMeshActor Name:StaticMeshActor_UAID_001A7DDA7104F07C01_1553504356 Label:Old_Fence3 SpatiallyLoaded:1 Bounds:IsValid=true, Min=(X=2426.052 Y=1765.035 Z=-4.401), Max=(X=2899.948 Y=1816.965 Z=294.401) RuntimeGrid:None EditorOnly:0 RuntimeOnly:0 HLODRelevant:1 FolderPath:Fence FolderGuid:4F57850A4588A9E007BF4C82E70452BB
 |   |- [+] Clusters:
 |   |   |- [+] [  0]
 |   |   |   |- Guid:D9FE30174E28579B64D983B83CACB5EE BaseClass: NativeClass:/Script/NavigationSystem.RecastNavMesh Name:RecastNavMesh_UAID_001A7DDA7104137D01-Default Label:RecastNavMesh-Default SpatiallyLoaded:0 Bounds:IsValid=true, Min=(X=0.000 Y=0.000 Z=0.000), Max=(X=0.000 Y=0.000 Z=0.000) RuntimeGrid:None EditorOnly:0 RuntimeOnly:0 HLODRelevant:0
 |   |   |- [+] [  1]
 |   |   |   |- Guid:7026BAF049CEC4B43B3969B3BC797373 BaseClass: NativeClass:/Script/Engine.StaticMeshActor Name:StaticMeshActor_UAID_001A7DDA7104F07C01_1559640358 Label:Old_Fence5 SpatiallyLoaded:1 Bounds:IsValid=true, Min=(X=2427.052 Y=1032.035 Z=-4.401), Max=(X=2900.948 Y=1083.965 Z=294.401) RuntimeGrid:None EditorOnly:0 RuntimeOnly:0 HLODRelevant:1 FolderPath:Fence FolderGuid:4F57850A4588A9E007BF4C82E70452BB
 |   |   |- [+] [  2]
 |   |   |   |- Guid:77F893B3468595EE782136AD620D7EF4 BaseClass: NativeClass:/Script/Engine.VolumetricCloud Name:VolumetricCloud_0 Label:VolumetricCloud SpatiallyLoaded:0 Bounds:IsValid=true, Min=(X=0.000 Y=0.000 Z=820.000), Max=(X=0.000 Y=0.000 Z=820.000) RuntimeGrid:None EditorOnly:0 RuntimeOnly:0 HLODRelevant:0 FolderPath:Lighting FolderGuid:4C9334684BA61B42C769F799D2576455
 |   |   |- [+] [  3]
 |   |   |   |- Guid:4FB693B643D63E8A3B0A3689F0603C52 BaseClass: NativeClass:/Script/Engine.StaticMeshActor Name:StaticMeshActor_UAID_001A7DDA7104F07C01_1600716362 Label:Old_Fence9 SpatiallyLoaded:1 Bounds:IsValid=true, Min=(X=96.052 Y=1766.035 Z=-4.401), Max=(X=569.948 Y=1817.965 Z=294.401) RuntimeGrid:None EditorOnly:0 RuntimeOnly:0 HLODRelevant:1 FolderPath:Fence FolderGuid:4F57850A4588A9E007BF4C82E70452BB
 |   |   |- [+] [  4]
 |   |   |   |- Guid:6252C7D64ACF162A73EE65B11FE214D1 BaseClass: NativeClass:/Script/Engine.SkyAtmosphere Name:SkyAtmosphere_1 Label:SkyAtmosphere SpatiallyLoaded:0 Bounds:IsValid=true, Min=(X=0.000 Y=0.000 Z=1020.000), Max=(X=0.000 Y=0.000 Z=1020.000) RuntimeGrid:None EditorOnly:0 RuntimeOnly:0 HLODRelevant:0 FolderPath:Lighting FolderGuid:4C9334684BA61B42C769F799D2576455
 |   |   |- [+] [  5]
 |   |   |   |- Guid:306929B142C99B3AD97B3C9F251C2129 BaseClass: NativeClass:/Script/Engine.StaticMeshActor Name:StaticMeshActor_22 Label:SM_Cube5 SpatiallyLoaded:1 Bounds:IsValid=true, Min=(X=-0.000 Y=100.000 Z=0.000), Max=(X=100.000 Y=3400.000 Z=400.000) RuntimeGrid:None EditorOnly:0 RuntimeOnly:0 HLODRelevant:0 FolderPath:Playground FolderGuid:9FE5E8B349AF71F05F2688921F3F2AC5
 |   |   |- [+] [  6]
 |   |   |   |- Guid:248932F54A99E0A9851B4EA23DC8ED3C BaseClass:/Game/Blueprints/Constructions/Buttons/BP_btn2.BP_btn2_C NativeClass:/Script/Engine.Actor Name:BP_btn2_C_UAID_001A7DDA7104FC7C01_1757642455 Label:BP_btn2 SpatiallyLoaded:1 Bounds:IsValid=true, Min=(X=1387.500 Y=329.500 Z=-8.125), Max=(X=1712.500 Y=654.500 Z=146.250) RuntimeGrid:None EditorOnly:0 RuntimeOnly:0 HLODRelevant:0
 |   |   |- [+] [  7]
 |   |   |   |- Guid:F8C70B974D5837BA6D05EA92DEF4298B BaseClass: NativeClass:/Script/Engine.StaticMeshActor Name:StaticMeshActor_UAID_001A7DDA7104F07C01_1553504356 Label:Old_Fence3 SpatiallyLoaded:1 Bounds:IsValid=true, Min=(X=2426.052 Y=1765.035 Z=-4.401), Max=(X=2899.948 Y=1816.965 Z=294.401) RuntimeGrid:None EditorOnly:0 RuntimeOnly:0 HLODRelevant:1 FolderPath:Fence FolderGuid:4F57850A4588A9E007BF4C82E70452BB
 |   |   |- [+] [  8]
 |   |   |   |- Guid:CBBB70954AAB172B87D36581564976AE BaseClass: NativeClass:/Script/Engine.StaticMeshActor Name:StaticMeshActor_UAID_001A7DDA7104F07C01_1559642359 Label:Old_Fence6 SpatiallyLoaded:1 Bounds:IsValid=true, Min=(X=2428.052 Y=1398.035 Z=-4.401), Max=(X=2901.948 Y=1449.965 Z=294.401) RuntimeGrid:None EditorOnly:0 RuntimeOnly:0 HLODRelevant:1 FolderPath:Fence FolderGuid:4F57850A4588A9E007BF4C82E70452BB
 |   |   |- [+] [  9]
 |   |   |   |- Guid:42043C7C45B6EC61466112998FB5315C BaseClass:/Game/Blueprints/Constructions/Buttons/BP_btn3.BP_btn3_C NativeClass:/Script/Engine.Actor Name:BP_btn3_C_UAID_001A7DDA7104047D01_1355110864 Label:BP_btn3 SpatiallyLoaded:1 Bounds:IsValid=true, Min=(X=787.500 Y=329.500 Z=-8.125), Max=(X=1112.500 Y=654.500 Z=146.250) RuntimeGrid:None EditorOnly:0 RuntimeOnly:0 HLODRelevant:0
 |   |   |- [+] [ 10]
 |   |   |   |- Guid:606A1C09400282B75CDE259E68385985 BaseClass: NativeClass:/Script/Engine.TriggerBox Name:TriggerBox_UAID_001A7DDA7104057D01_1209004042 Label:TriggerBox3 SpatiallyLoaded:1 Bounds:IsValid=true, Min=(X=131.000 Y=2697.000 Z=95.000), Max=(X=211.000 Y=2777.000 Z=175.000) RuntimeGrid:None EditorOnly:0 RuntimeOnly:0 HLODRelevant:0
 |   |   |- [+] [ 11]
 |   |   |   |- Guid:AECEEEE741E6DE68F6843FA49564A956 BaseClass: NativeClass:/Script/Engine.DirectionalLight Name:DirectionalLight_1 Label:DirectionalLight SpatiallyLoaded:0 Bounds:IsValid=true, Min=(X=-4398046511104.000 Y=-4398046511104.000 Z=-4398046511104.000), Max=(X=4398046511104.000 Y=4398046511104.000 Z=4398046511104.000) RuntimeGrid:None EditorOnly:0 RuntimeOnly:0 HLODRelevant:0 FolderPath:Lighting FolderGuid:4C9334684BA61B42C769F799D2576455
 |   |   |- [+] [ 12]
 |   |   |   |- Guid:2169CB5C470E0E674279BA96829753DD BaseClass: NativeClass:/Script/Engine.StaticMeshActor Name:StaticMeshActor_17 Label:SM_Cube SpatiallyLoaded:1 Bounds:IsValid=true, Min=(X=0.000 Y=0.000 Z=-50.000), Max=(X=3000.000 Y=3500.000 Z=0.000) RuntimeGrid:None EditorOnly:0 RuntimeOnly:0 HLODRelevant:1 FolderPath:Playground FolderGuid:9FE5E8B349AF71F05F2688921F3F2AC5
 |   |   |- [+] [ 13]
 |   |   |   |- Guid:0F4324B34E091887A24AD9995AE727D1 BaseClass: NativeClass:/Script/Engine.StaticMeshActor Name:StaticMeshActor_23 Label:SM_Cube6 SpatiallyLoaded:1 Bounds:IsValid=true, Min=(X=2900.000 Y=100.000 Z=0.000), Max=(X=3000.000 Y=3400.000 Z=400.000) RuntimeGrid:None EditorOnly:0 RuntimeOnly:0 HLODRelevant:1 FolderPath:Playground FolderGuid:9FE5E8B349AF71F05F2688921F3F2AC5
 |   |   |- [+] [ 14]
 |   |   |   |- Guid:E0B09AB74FB7855B591697B04E04671D BaseClass: NativeClass:/Script/Engine.StaticMeshActor Name:StaticMeshActor_UAID_001A7DDA7104F07C01_1571803361 Label:Old_Fence8 SpatiallyLoaded:1 Bounds:IsValid=true, Min=(X=96.052 Y=1399.035 Z=-4.401), Max=(X=569.948 Y=1450.965 Z=294.401) RuntimeGrid:None EditorOnly:0 RuntimeOnly:0 HLODRelevant:1 FolderPath:Fence FolderGuid:4F57850A4588A9E007BF4C82E70452BB
 |   |   |- [+] [ 15]
 |   |   |   |- Guid:0B46B0D54148F7DA72B1CA802C5E2DCF BaseClass: NativeClass:/Script/Engine.StaticMeshActor Name:StaticMeshActor_UAID_001A7DDA7104F07C01_1384219353 Label:Old_Fence SpatiallyLoaded:1 Bounds:IsValid=true, Min=(X=2425.052 Y=2530.035 Z=-4.401), Max=(X=2898.948 Y=2581.965 Z=294.401) RuntimeGrid:None EditorOnly:0 RuntimeOnly:0 HLODRelevant:1 FolderPath:Fence FolderGuid:4F57850A4588A9E007BF4C82E70452BB
 |   |   |- [+] [ 16]
 |   |   |   |- Guid:CE86F66B414FE0191B07ED81185EB22F BaseClass: NativeClass:/Script/Engine.StaticMeshActor Name:StaticMeshActor_UAID_001A7DDA7104F07C01_1571800360 Label:Old_Fence7 SpatiallyLoaded:1 Bounds:IsValid=true, Min=(X=95.052 Y=1033.035 Z=-4.401), Max=(X=568.948 Y=1084.965 Z=294.401) RuntimeGrid:None EditorOnly:0 RuntimeOnly:0 HLODRelevant:1 FolderPath:Fence FolderGuid:4F57850A4588A9E007BF4C82E70452BB
 |   |   |- [+] [ 17]
 |   |   |   |- Guid:F07559B14CE9ADE1215992AA417A945E BaseClass: NativeClass:/Script/Engine.StaticMeshActor Name:StaticMeshActor_18 Label:SM_Cube2 SpatiallyLoaded:1 Bounds:IsValid=true, Min=(X=0.000 Y=0.000 Z=0.000), Max=(X=3000.000 Y=100.000 Z=400.000) RuntimeGrid:None EditorOnly:0 RuntimeOnly:0 HLODRelevant:1 FolderPath:Playground FolderGuid:9FE5E8B349AF71F05F2688921F3F2AC5
 |   |   |- [+] [ 18]
 |   |   |   |- Guid:EF0BB330454D9708B33275868C24FC67 BaseClass: NativeClass:/Script/Engine.StaticMeshActor Name:StaticMeshActor_UAID_001A7DDA7104F07C01_1528406355 Label:Old_Fence2 SpatiallyLoaded:1 Bounds:IsValid=true, Min=(X=2426.052 Y=2896.035 Z=-4.401), Max=(X=2899.948 Y=2947.965 Z=294.401) RuntimeGrid:None EditorOnly:0 RuntimeOnly:0 HLODRelevant:1 FolderPath:Fence FolderGuid:4F57850A4588A9E007BF4C82E70452BB
 |   |   |- [+] [ 19]
 |   |   |   |- Guid:BEC0D5534A63BAD2E6A09F8FB4312D89 BaseClass: NativeClass:/Script/Engine.TriggerBox Name:TriggerBox_UAID_001A7DDA7104057D01_1117192039 Label:TriggerBox SpatiallyLoaded:1 Bounds:IsValid=true, Min=(X=129.000 Y=1203.000 Z=95.000), Max=(X=209.000 Y=1283.000 Z=175.000) RuntimeGrid:None EditorOnly:0 RuntimeOnly:0 HLODRelevant:0
 |   |   |- [+] [ 20]
 |   |   |   |- Guid:CE72A9E040DC5CE4C0D3C5AA909AC387 BaseClass: NativeClass:/Script/Engine.TriggerBox Name:TriggerBox_UAID_001A7DDA7104057D01_1206784041 Label:TriggerBox2 SpatiallyLoaded:1 Bounds:IsValid=true, Min=(X=130.000 Y=1927.000 Z=95.000), Max=(X=210.000 Y=2007.000 Z=175.000) RuntimeGrid:None EditorOnly:0 RuntimeOnly:0 HLODRelevant:0
 |   |   |- [+] [ 21]
 |   |   |   |- Guid:379F43854CC002843EBB0DA83F4E9903 BaseClass: NativeClass:/Script/Engine.StaticMeshActor Name:StaticMeshActor_UAID_001A7DDA7104F07C01_1600717363 Label:Old_Fence10 SpatiallyLoaded:1 Bounds:IsValid=true, Min=(X=97.052 Y=2132.035 Z=-4.401), Max=(X=570.948 Y=2183.965 Z=294.401) RuntimeGrid:None EditorOnly:0 RuntimeOnly:0 HLODRelevant:1 FolderPath:Fence FolderGuid:4F57850A4588A9E007BF4C82E70452BB
 |   |   |- [+] [ 22]
 |   |   |   |- Guid:F32D2EB54D17430F8236139CF240571C BaseClass: NativeClass:/Script/Engine.CameraActor Name:CameraActor_UAID_001A7DDA7104ED7C01_1074445815 Label:CameraActor SpatiallyLoaded:1 Bounds:IsValid=true, Min=(X=1560.000 Y=20.000 Z=2370.000), Max=(X=1560.000 Y=20.000 Z=2370.000) RuntimeGrid:None EditorOnly:0 RuntimeOnly:0 HLODRelevant:0
 |   |   |- [+] [ 23]
 |   |   |   |- Guid:7E74D47547F695C6BE7097AF9EE18E84 BaseClass: NativeClass:/Script/Engine.StaticMeshActor Name:StaticMeshActor_UAID_001A7DDA7104F07C01_1608134365 Label:Old_Fence12 SpatiallyLoaded:1 Bounds:IsValid=true, Min=(X=98.052 Y=2900.035 Z=-4.401), Max=(X=571.948 Y=2951.965 Z=294.401) RuntimeGrid:None EditorOnly:0 RuntimeOnly:0 HLODRelevant:1 FolderPath:Fence FolderGuid:4F57850A4588A9E007BF4C82E70452BB
 |   |   |- [+] [ 24]
 |   |   |   |- Guid:2BA1D00D4A2A6085FBF0E680BE09EF63 BaseClass: NativeClass:/Script/Engine.StaticMeshActor Name:StaticMeshActor_UAID_001A7DDA7104F07C01_1553505357 Label:Old_Fence4 SpatiallyLoaded:1 Bounds:IsValid=true, Min=(X=2427.052 Y=2131.035 Z=-4.401), Max=(X=2900.948 Y=2182.965 Z=294.401) RuntimeGrid:None EditorOnly:0 RuntimeOnly:0 HLODRelevant:1 FolderPath:Fence FolderGuid:4F57850A4588A9E007BF4C82E70452BB
 |   |   |- [+] [ 25]
 |   |   |   |- Guid:88A068D04CDDCBFB64185394B4A51D42 BaseClass: NativeClass:/Script/Engine.StaticMeshActor Name:StaticMeshActor_UAID_001A7DDA7104F07C01_1608132364 Label:Old_Fence11 SpatiallyLoaded:1 Bounds:IsValid=true, Min=(X=97.052 Y=2534.035 Z=-4.401), Max=(X=570.948 Y=2585.965 Z=294.401) RuntimeGrid:None EditorOnly:0 RuntimeOnly:0 HLODRelevant:1 FolderPath:Fence FolderGuid:4F57850A4588A9E007BF4C82E70452BB
 |   |   |- [+] [ 26]
 |   |   |   |- Guid:21E5E1254A2299D431DC1FA0EC53F800 BaseClass:/Game/Blueprints/Constructions/Buttons/BP_btn.BP_btn_C NativeClass:/Script/Engine.Actor Name:BP_btn_C_UAID_001A7DDA7104047D01_1349245863 Label:BP_btn SpatiallyLoaded:1 Bounds:IsValid=true, Min=(X=1987.500 Y=329.500 Z=-8.125), Max=(X=2312.500 Y=654.500 Z=146.250) RuntimeGrid:None EditorOnly:0 RuntimeOnly:0 HLODRelevant:0
 |   |   |- [+] [ 27]
 |   |   |   |- Guid:2DF0D95440BE0EDA81652F860DC7268E BaseClass: NativeClass:/Script/Engine.WorldDataLayers Name:WorldDataLayers Label:WorldDataLayers SpatiallyLoaded:0 Bounds:IsValid=true, Min=(X=0.000 Y=0.000 Z=0.000), Max=(X=0.000 Y=0.000 Z=0.000) RuntimeGrid:None EditorOnly:0 RuntimeOnly:0 HLODRelevant:0
 |   |   |- [+] [ 28]
 |   |   |   |- Guid:147C8D134B12D635012D5F8C57D2C96F BaseClass: NativeClass:/Script/Engine.PostProcessVolume Name:PostProcessVolume_1 Label:PostProcessVolume SpatiallyLoaded:0 Bounds:IsValid=true, Min=(X=0.000 Y=0.000 Z=400.000), Max=(X=200.000 Y=200.000 Z=600.000) RuntimeGrid:None EditorOnly:0 RuntimeOnly:0 HLODRelevant:0 FolderPath:Lighting FolderGuid:4C9334684BA61B42C769F799D2576455
 |   |   |- [+] [ 29]
 |   |   |   |- Guid:66BCBF874D2A22ADC6523B95EE812CA3 BaseClass: NativeClass:/Script/Engine.StaticMeshActor Name:StaticMeshActor_UAID_A4AE111137DC5CFB00_1660657071 Label:SM_SkySphere SpatiallyLoaded:0 Bounds:IsValid=true, Min=(X=-1638400.000 Y=-1638400.000 Z=-1638400.000), Max=(X=1638400.000 Y=1638400.000 Z=1638400.000) RuntimeGrid:None EditorOnly:0 RuntimeOnly:0 HLODRelevant:1 FolderPath:Lighting FolderGuid:4C9334684BA61B42C769F799D2576455
 |   |   |- [+] [ 30]
 |   |   |   |- Guid:E9F51259425B785A35C436A5559AD7B4 BaseClass: NativeClass:/Script/Engine.StaticMeshActor Name:StaticMeshActor_19 Label:SM_Cube3 SpatiallyLoaded:1 Bounds:IsValid=true, Min=(X=0.000 Y=3400.000 Z=0.000), Max=(X=3000.000 Y=3500.000 Z=400.000) RuntimeGrid:None EditorOnly:0 RuntimeOnly:0 HLODRelevant:1 FolderPath:Playground FolderGuid:9FE5E8B349AF71F05F2688921F3F2AC5
 |   |   |- [+] [ 31]
 |   |   |   |- Guid:1742DF43475F097453197AA79C7473D9 BaseClass: NativeClass:/Script/Engine.SkyLight Name:SkyLight_1 Label:SkyLight SpatiallyLoaded:0 Bounds:IsValid=true, Min=(X=0.000 Y=0.000 Z=690.000), Max=(X=0.000 Y=0.000 Z=690.000) RuntimeGrid:None EditorOnly:0 RuntimeOnly:0 HLODRelevant:0 FolderPath:Lighting FolderGuid:4C9334684BA61B42C769F799D2576455
 |   |   |- [+] [ 32]
 |   |   |   |- Guid:D24D61B944EF71BE7BC469B7EB239299 BaseClass: NativeClass:/Script/Engine.ExponentialHeightFog Name:ExponentialHeightFog_1 Label:ExponentialHeightFog SpatiallyLoaded:0 Bounds:IsValid=true, Min=(X=-5600.000 Y=-50.000 Z=-6850.000), Max=(X=-5600.000 Y=-50.000 Z=-6850.000) RuntimeGrid:None EditorOnly:0 RuntimeOnly:0 HLODRelevant:0 FolderPath:Lighting FolderGuid:4C9334684BA61B42C769F799D2576455
 |   |   |- [+] [ 33]
 |   |   |   |- Guid:A1403DFD4AF8688595D160938FD67FCB BaseClass: NativeClass:/Script/Engine.StaticMeshActor Name:StaticMeshActor_UAID_001A7DDA7104147D01_1283324679 Label:SM_Cube4 SpatiallyLoaded:1 Bounds:IsValid=true, Min=(X=0.000 Y=0.000 Z=-100.000), Max=(X=3000.000 Y=3500.000 Z=0.000) RuntimeGrid:None EditorOnly:0 RuntimeOnly:0 HLODRelevant:1
 |   |   |- [+] [ 34]
 |   |   |   |- Guid:8831995F4CA47DE0672AA198BF8F2AF9 BaseClass: NativeClass:/Script/Engine.StaticMeshActor Name:StaticMeshActor_UAID_001A7DDA7104147D01_1374512680 Label:SM_Cube7 SpatiallyLoaded:1 Bounds:IsValid=true, Min=(X=-99.000 Y=1.000 Z=-100.000), Max=(X=1.000 Y=3501.000 Z=400.000) RuntimeGrid:None EditorOnly:0 RuntimeOnly:0 HLODRelevant:1
 |   |   |- [+] [ 35]
 |   |   |   |- Guid:A205F2A44D54CB3ACE3805B1B5474EE8 BaseClass: NativeClass:/Script/Engine.StaticMeshActor Name:StaticMeshActor_UAID_001A7DDA7104147D01_1458163681 Label:SM_Cube8 SpatiallyLoaded:1 Bounds:IsValid=true, Min=(X=-100.000 Y=-98.000 Z=-100.000), Max=(X=3100.000 Y=2.000 Z=400.000) RuntimeGrid:None EditorOnly:0 RuntimeOnly:0 HLODRelevant:1
 |   |   |- [+] [ 36]
 |   |   |   |- Guid:21C58DCA442779A8B4CF2C8812379914 BaseClass: NativeClass:/Script/Engine.StaticMeshActor Name:StaticMeshActor_UAID_001A7DDA7104147D01_1567183682 Label:SM_Cube9 SpatiallyLoaded:1 Bounds:IsValid=true, Min=(X=3000.000 Y=2.000 Z=-100.000), Max=(X=3100.000 Y=3502.000 Z=400.000) RuntimeGrid:None EditorOnly:0 RuntimeOnly:0 HLODRelevant:1
 |   |   |- [+] [ 37]
 |   |   |   |- Guid:9F45C5604058A023D58619AADF94B8E6 BaseClass: NativeClass:/Script/Engine.StaticMeshActor Name:StaticMeshActor_UAID_001A7DDA7104147D01_1620873683 Label:SM_Cube10 SpatiallyLoaded:1 Bounds:IsValid=true, Min=(X=-99.000 Y=3500.000 Z=-100.000), Max=(X=3101.000 Y=3600.000 Z=400.000) RuntimeGrid:None EditorOnly:0 RuntimeOnly:0 HLODRelevant:1
 |   |   |- [+] [ 38]
 |   |   |   |- Guid:9A954D1A421435A61304C4A4A1491FE9 BaseClass: NativeClass:/Script/Engine.StaticMeshActor Name:StaticMeshActor_UAID_001A7DDA7104147D01_1642148684 Label:Old_Fence13 SpatiallyLoaded:1 Bounds:IsValid=true, Min=(X=2511.105 Y=1020.065 Z=-1.648), Max=(X=3009.942 Y=1074.729 Z=312.880) RuntimeGrid:None EditorOnly:0 RuntimeOnly:0 HLODRelevant:1
 |- ContainerInstances:
 |- [+] MainContainer:
 |   |-        ID: 0x0000000000000000
 |   |-    Bounds: IsValid=false, Min=(X=0.000 Y=0.000 Z=0.000), Max=(X=0.000 Y=0.000 Z=0.000)
 |   |- Transform: 0.000000,0.000000,0.000000|0.000000,0.000000,-0.000000|1.000000,1.000000,1.000000
 |   |- Container: /Game/Maps/TopDownMap
----------------------------------------------------------------------------------------------------------------
TopDownMap - Persistent Level
----------------------------------------------------------------------------------------------------------------
Always loaded Actor Count: 47 

----------------------------------------------------------------------------------------------------------------
TopDownMap - Runtime Spatial Hash - Streaming Grid - MainGrid
----------------------------------------------------------------------------------------------------------------
            Origin: X=0.000 Y=0.000 Z=0.000
         Cell Size: 12800
      World Bounds: IsValid=false, Min=(X=0.000 Y=0.000 Z=0.000), Max=(X=0.000 Y=0.000 Z=0.000)
     Loading Range: 25600.00
Block Slow Loading: No
 ClientOnlyVisible: No

[+] Grid Levels: 1
 |- Level  0: Cell Count    0 | Cell Size   12800 | Actor Count    0 (0.0%)

[+] Content of Grid Level 0

