[+] Containers:
 |- [+] Container: /Game/Maps/TopDownMap
 |   |- [+] ActorDescs:
 |   |   |- Guid:051328D64A90FBBE369B1B81FABC5966 BaseClass: NativeClass:/Script/Engine.StaticMeshActor Name:StaticMeshActor_UAID_001A7DDA7104147D01_1771916691 Label:Old_Fence20 SpatiallyLoaded:1 Bounds:IsValid=true, Min=(X=2512.105 Y=1486.065 Z=-1.648), Max=(X=3010.942 Y=1540.729 Z=312.880) RuntimeGrid:None EditorOnly:0 RuntimeOnly:0 HLODRelevant:1 FolderPath:Fence FolderGuid:4F57850A4588A9E007BF4C82E70452BB
 |   |   |- Guid:147C8D134B12D635012D5F8C57D2C96F BaseClass: NativeClass:/Script/Engine.PostProcessVolume Name:PostProcessVolume_1 Label:PostProcessVolume SpatiallyLoaded:0 Bounds:IsValid=true, Min=(X=0.000 Y=0.000 Z=400.000), Max=(X=200.000 Y=200.000 Z=600.000) RuntimeGrid:None EditorOnly:0 RuntimeOnly:0 HLODRelevant:0 FolderPath:Lighting FolderGuid:4C9334684BA61B42C769F799D2576455
 |   |   |- Guid:1742DF43475F097453197AA79C7473D9 BaseClass: NativeClass:/Script/Engine.SkyLight Name:SkyLight_1 Label:SkyLight SpatiallyLoaded:0 Bounds:IsValid=true, Min=(X=0.000 Y=0.000 Z=690.000), Max=(X=0.000 Y=0.000 Z=690.000) RuntimeGrid:None EditorOnly:0 RuntimeOnly:0 HLODRelevant:0 FolderPath:Lighting FolderGuid:4C9334684BA61B42C769F799D2576455
 |   |   |- Guid:183D19054E376CD70FEF61882AA4B30D BaseClass: NativeClass:/Script/Engine.StaticMeshActor Name:StaticMeshActor_UAID_001A7DDA7104147D01_1762741690 Label:Old_Fence19 SpatiallyLoaded:1 Bounds:IsValid=true, Min=(X=-0.895 Y=2957.065 Z=-1.648), Max=(X=497.942 Y=3011.729 Z=312.880) RuntimeGrid:None EditorOnly:0 RuntimeOnly:0 HLODRelevant:1 FolderPath:Fence FolderGuid:4F57850A4588A9E007BF4C82E70452BB
 |   |   |- Guid:1A696E7C4BE7EA0852173F8C18AD13EC BaseClass: NativeClass:/Script/Engine.StaticMeshActor Name:StaticMeshActor_UAID_001A7DDA7104147D01_1791973692 Label:Old_Fence21 SpatiallyLoaded:1 Bounds:IsValid=true, Min=(X=2512.105 Y=1672.065 Z=-1.648), Max=(X=3010.942 Y=1726.729 Z=312.880) RuntimeGrid:None EditorOnly:0 RuntimeOnly:0 HLODRelevant:1 FolderPath:Fence FolderGuid:4F57850A4588A9E007BF4C82E70452BB
 |   |   |- Guid:21C58DCA442779A8B4CF2C8812379914 BaseClass: NativeClass:/Script/Engine.StaticMeshActor Name:StaticMeshActor_UAID_001A7DDA7104147D01_1567183682 Label:SM_Cube9 SpatiallyLoaded:1 Bounds:IsValid=true, Min=(X=3000.000 Y=2.000 Z=-100.000), Max=(X=3100.000 Y=3502.000 Z=400.000) RuntimeGrid:None EditorOnly:0 RuntimeOnly:0 HLODRelevant:1 FolderPath:Playground FolderGuid:9FE5E8B349AF71F05F2688921F3F2AC5
 |   |   |- Guid:21E5E1254A2299D431DC1FA0EC53F800 BaseClass:/Game/Blueprints/Constructions/Buttons/BP_btn.BP_btn_C NativeClass:/Script/Engine.Actor Name:BP_btn_C_UAID_001A7DDA7104047D01_1349245863 Label:BP_btn SpatiallyLoaded:1 Bounds:IsValid=true, Min=(X=1987.500 Y=329.500 Z=-8.125), Max=(X=2312.500 Y=654.500 Z=146.250) RuntimeGrid:None EditorOnly:0 RuntimeOnly:0 HLODRelevant:0
 |   |   |- Guid:248932F54A99E0A9851B4EA23DC8ED3C BaseClass:/Game/Blueprints/Constructions/Buttons/BP_btn2.BP_btn2_C NativeClass:/Script/Engine.Actor Name:BP_btn2_C_UAID_001A7DDA7104FC7C01_1757642455 Label:BP_btn2 SpatiallyLoaded:1 Bounds:IsValid=true, Min=(X=1387.500 Y=329.500 Z=-8.125), Max=(X=1712.500 Y=654.500 Z=146.250) RuntimeGrid:None EditorOnly:0 RuntimeOnly:0 HLODRelevant:0
 |   |   |- Guid:279A92BE41FF427A545DE7B444B0A5C6 BaseClass: NativeClass:/Script/Engine.StaticMeshActor Name:StaticMeshActor_UAID_001A7DDA7104147D01_1754844687 Label:Old_Fence16 SpatiallyLoaded:1 Bounds:IsValid=true, Min=(X=-2.895 Y=1695.065 Z=-1.648), Max=(X=495.942 Y=1749.729 Z=312.880) RuntimeGrid:None EditorOnly:0 RuntimeOnly:0 HLODRelevant:1 FolderPath:Fence FolderGuid:4F57850A4588A9E007BF4C82E70452BB
 |   |   |- Guid:2DF0D95440BE0EDA81652F860DC7268E BaseClass: NativeClass:/Script/Engine.WorldDataLayers Name:WorldDataLayers Label:WorldDataLayers SpatiallyLoaded:0 Bounds:IsValid=true, Min=(X=0.000 Y=0.000 Z=0.000), Max=(X=0.000 Y=0.000 Z=0.000) RuntimeGrid:None EditorOnly:0 RuntimeOnly:0 HLODRelevant:0
 |   |   |- Guid:42043C7C45B6EC61466112998FB5315C BaseClass:/Game/Blueprints/Constructions/Buttons/BP_btn3.BP_btn3_C NativeClass:/Script/Engine.Actor Name:BP_btn3_C_UAID_001A7DDA7104047D01_1355110864 Label:BP_btn3 SpatiallyLoaded:1 Bounds:IsValid=true, Min=(X=787.500 Y=329.500 Z=-8.125), Max=(X=1112.500 Y=654.500 Z=146.250) RuntimeGrid:None EditorOnly:0 RuntimeOnly:0 HLODRelevant:0
 |   |   |- Guid:5709F46A46E200852F6DEB9CCD2DAE8B BaseClass: NativeClass:/Script/Engine.StaticMeshActor Name:StaticMeshActor_UAID_001A7DDA7104147D01_1762740689 Label:Old_Fence18 SpatiallyLoaded:1 Bounds:IsValid=true, Min=(X=-1.895 Y=2456.065 Z=-1.648), Max=(X=496.942 Y=2510.729 Z=312.880) RuntimeGrid:None EditorOnly:0 RuntimeOnly:0 HLODRelevant:1 FolderPath:Fence FolderGuid:4F57850A4588A9E007BF4C82E70452BB
 |   |   |- Guid:581630744F67CF92D4AE899784952E15 BaseClass: NativeClass:/Script/Engine.StaticMeshActor Name:StaticMeshActor_UAID_001A7DDA7104147D01_1791975693 Label:Old_Fence22 SpatiallyLoaded:1 Bounds:IsValid=true, Min=(X=2513.105 Y=2183.065 Z=-1.648), Max=(X=3011.942 Y=2237.729 Z=312.880) RuntimeGrid:None EditorOnly:0 RuntimeOnly:0 HLODRelevant:1 FolderPath:Fence FolderGuid:4F57850A4588A9E007BF4C82E70452BB
 |   |   |- Guid:606A1C09400282B75CDE259E68385985 BaseClass: NativeClass:/Script/Engine.TriggerBox Name:TriggerBox_UAID_001A7DDA7104057D01_1209004042 Label:TriggerBox3 SpatiallyLoaded:1 Bounds:IsValid=true, Min=(X=131.000 Y=2697.000 Z=95.000), Max=(X=211.000 Y=2777.000 Z=175.000) RuntimeGrid:None EditorOnly:0 RuntimeOnly:0 HLODRelevant:0
 |   |   |- Guid:6252C7D64ACF162A73EE65B11FE214D1 BaseClass: NativeClass:/Script/Engine.SkyAtmosphere Name:SkyAtmosphere_1 Label:SkyAtmosphere SpatiallyLoaded:0 Bounds:IsValid=true, Min=(X=0.000 Y=0.000 Z=1020.000), Max=(X=0.000 Y=0.000 Z=1020.000) RuntimeGrid:None EditorOnly:0 RuntimeOnly:0 HLODRelevant:0 FolderPath:Lighting FolderGuid:4C9334684BA61B42C769F799D2576455
 |   |   |- Guid:66BCBF874D2A22ADC6523B95EE812CA3 BaseClass: NativeClass:/Script/Engine.StaticMeshActor Name:StaticMeshActor_UAID_A4AE111137DC5CFB00_1660657071 Label:SM_SkySphere SpatiallyLoaded:0 Bounds:IsValid=true, Min=(X=-1638400.000 Y=-1638400.000 Z=-1638400.000), Max=(X=1638400.000 Y=1638400.000 Z=1638400.000) RuntimeGrid:None EditorOnly:0 RuntimeOnly:0 HLODRelevant:1 FolderPath:Lighting FolderGuid:4C9334684BA61B42C769F799D2576455
 |   |   |- Guid:73FE10EF421040094AC2B597E6876970 BaseClass: NativeClass:/Script/Engine.StaticMeshActor Name:StaticMeshActor_UAID_001A7DDA7104147D01_1804891694 Label:Old_Fence23 SpatiallyLoaded:1 Bounds:IsValid=true, Min=(X=2513.105 Y=2440.065 Z=-1.648), Max=(X=3011.942 Y=2494.729 Z=312.880) RuntimeGrid:None EditorOnly:0 RuntimeOnly:0 HLODRelevant:1 FolderPath:Fence FolderGuid:4F57850A4588A9E007BF4C82E70452BB
 |   |   |- Guid:77F893B3468595EE782136AD620D7EF4 BaseClass: NativeClass:/Script/Engine.VolumetricCloud Name:VolumetricCloud_0 Label:VolumetricCloud SpatiallyLoaded:0 Bounds:IsValid=true, Min=(X=0.000 Y=0.000 Z=820.000), Max=(X=0.000 Y=0.000 Z=820.000) RuntimeGrid:None EditorOnly:0 RuntimeOnly:0 HLODRelevant:0 FolderPath:Lighting FolderGuid:4C9334684BA61B42C769F799D2576455
 |   |   |- Guid:8831995F4CA47DE0672AA198BF8F2AF9 BaseClass: NativeClass:/Script/Engine.StaticMeshActor Name:StaticMeshActor_UAID_001A7DDA7104147D01_1374512680 Label:SM_Cube7 SpatiallyLoaded:1 Bounds:IsValid=true, Min=(X=-99.000 Y=1.000 Z=-100.000), Max=(X=1.000 Y=3501.000 Z=400.000) RuntimeGrid:None EditorOnly:0 RuntimeOnly:0 HLODRelevant:1 FolderPath:Playground FolderGuid:9FE5E8B349AF71F05F2688921F3F2AC5
 |   |   |- Guid:8AC6F3E547A8C84284083B85197AC46C BaseClass: NativeClass:/Script/Engine.StaticMeshActor Name:StaticMeshActor_UAID_001A7DDA7104147D01_1714685685 Label:Old_Fence14 SpatiallyLoaded:1 Bounds:IsValid=true, Min=(X=-3.895 Y=980.065 Z=-1.648), Max=(X=494.942 Y=1034.729 Z=312.880) RuntimeGrid:None EditorOnly:0 RuntimeOnly:0 HLODRelevant:1 FolderPath:Fence FolderGuid:4F57850A4588A9E007BF4C82E70452BB
 |   |   |- Guid:9A954D1A421435A61304C4A4A1491FE9 BaseClass: NativeClass:/Script/Engine.StaticMeshActor Name:StaticMeshActor_UAID_001A7DDA7104147D01_1642148684 Label:Old_Fence13 SpatiallyLoaded:1 Bounds:IsValid=true, Min=(X=2511.105 Y=975.065 Z=-1.648), Max=(X=3009.942 Y=1029.729 Z=312.880) RuntimeGrid:None EditorOnly:0 RuntimeOnly:0 HLODRelevant:1 FolderPath:Fence FolderGuid:4F57850A4588A9E007BF4C82E70452BB
 |   |   |- Guid:9F45C5604058A023D58619AADF94B8E6 BaseClass: NativeClass:/Script/Engine.StaticMeshActor Name:StaticMeshActor_UAID_001A7DDA7104147D01_1620873683 Label:SM_Cube10 SpatiallyLoaded:1 Bounds:IsValid=true, Min=(X=-99.000 Y=3500.000 Z=-100.000), Max=(X=3101.000 Y=3600.000 Z=400.000) RuntimeGrid:None EditorOnly:0 RuntimeOnly:0 HLODRelevant:1 FolderPath:Playground FolderGuid:9FE5E8B349AF71F05F2688921F3F2AC5
 |   |   |- Guid:A1403DFD4AF8688595D160938FD67FCB BaseClass: NativeClass:/Script/Engine.StaticMeshActor Name:StaticMeshActor_UAID_001A7DDA7104147D01_1283324679 Label:SM_Cube4 SpatiallyLoaded:1 Bounds:IsValid=true, Min=(X=0.000 Y=0.000 Z=-100.000), Max=(X=3000.000 Y=3500.000 Z=0.000) RuntimeGrid:None EditorOnly:0 RuntimeOnly:0 HLODRelevant:1 FolderPath:Playground FolderGuid:9FE5E8B349AF71F05F2688921F3F2AC5
 |   |   |- Guid:A205F2A44D54CB3ACE3805B1B5474EE8 BaseClass: NativeClass:/Script/Engine.StaticMeshActor Name:StaticMeshActor_UAID_001A7DDA7104147D01_1458163681 Label:SM_Cube8 SpatiallyLoaded:1 Bounds:IsValid=true, Min=(X=-100.000 Y=-98.000 Z=-100.000), Max=(X=3100.000 Y=2.000 Z=400.000) RuntimeGrid:None EditorOnly:0 RuntimeOnly:0 HLODRelevant:1 FolderPath:Playground FolderGuid:9FE5E8B349AF71F05F2688921F3F2AC5
 |   |   |- Guid:AC4B02124BBCF7056FC9FAAE11528E92 BaseClass: NativeClass:/Script/Engine.StaticMeshActor Name:StaticMeshActor_UAID_001A7DDA7104147D01_1804892695 Label:Old_Fence24 SpatiallyLoaded:1 Bounds:IsValid=true, Min=(X=2514.105 Y=2951.065 Z=-1.648), Max=(X=3012.942 Y=3005.729 Z=312.880) RuntimeGrid:None EditorOnly:0 RuntimeOnly:0 HLODRelevant:1 FolderPath:Fence FolderGuid:4F57850A4588A9E007BF4C82E70452BB
 |   |   |- Guid:AECEEEE741E6DE68F6843FA49564A956 BaseClass: NativeClass:/Script/Engine.DirectionalLight Name:DirectionalLight_1 Label:DirectionalLight SpatiallyLoaded:0 Bounds:IsValid=true, Min=(X=-4398046511104.000 Y=-4398046511104.000 Z=-4398046511104.000), Max=(X=4398046511104.000 Y=4398046511104.000 Z=4398046511104.000) RuntimeGrid:None EditorOnly:0 RuntimeOnly:0 HLODRelevant:0 FolderPath:Lighting FolderGuid:4C9334684BA61B42C769F799D2576455
 |   |   |- Guid:BEC0D5534A63BAD2E6A09F8FB4312D89 BaseClass: NativeClass:/Script/Engine.TriggerBox Name:TriggerBox_UAID_001A7DDA7104057D01_1117192039 Label:TriggerBox SpatiallyLoaded:1 Bounds:IsValid=true, Min=(X=129.000 Y=1203.000 Z=95.000), Max=(X=209.000 Y=1283.000 Z=175.000) RuntimeGrid:None EditorOnly:0 RuntimeOnly:0 HLODRelevant:0
 |   |   |- Guid:CE72A9E040DC5CE4C0D3C5AA909AC387 BaseClass: NativeClass:/Script/Engine.TriggerBox Name:TriggerBox_UAID_001A7DDA7104057D01_1206784041 Label:TriggerBox2 SpatiallyLoaded:1 Bounds:IsValid=true, Min=(X=130.000 Y=1927.000 Z=95.000), Max=(X=210.000 Y=2007.000 Z=175.000) RuntimeGrid:None EditorOnly:0 RuntimeOnly:0 HLODRelevant:0
 |   |   |- Guid:D24D61B944EF71BE7BC469B7EB239299 BaseClass: NativeClass:/Script/Engine.ExponentialHeightFog Name:ExponentialHeightFog_1 Label:ExponentialHeightFog SpatiallyLoaded:0 Bounds:IsValid=true, Min=(X=-5600.000 Y=-50.000 Z=-6850.000), Max=(X=-5600.000 Y=-50.000 Z=-6850.000) RuntimeGrid:None EditorOnly:0 RuntimeOnly:0 HLODRelevant:0 FolderPath:Lighting FolderGuid:4C9334684BA61B42C769F799D2576455
 |   |   |- Guid:D5AABB0D4C21CD0A7380009F9C96A85B BaseClass: NativeClass:/Script/Engine.StaticMeshActor Name:StaticMeshActor_UAID_001A7DDA7104147D01_1754846688 Label:Old_Fence17 SpatiallyLoaded:1 Bounds:IsValid=true, Min=(X=-1.895 Y=2196.065 Z=-1.648), Max=(X=496.942 Y=2250.729 Z=312.880) RuntimeGrid:None EditorOnly:0 RuntimeOnly:0 HLODRelevant:1 FolderPath:Fence FolderGuid:4F57850A4588A9E007BF4C82E70452BB
 |   |   |- Guid:D9FE30174E28579B64D983B83CACB5EE BaseClass: NativeClass:/Script/NavigationSystem.RecastNavMesh Name:RecastNavMesh_UAID_001A7DDA7104137D01-Default Label:RecastNavMesh-Default SpatiallyLoaded:0 Bounds:IsValid=true, Min=(X=0.000 Y=0.000 Z=0.000), Max=(X=0.000 Y=0.000 Z=0.000) RuntimeGrid:None EditorOnly:0 RuntimeOnly:0 HLODRelevant:0
 |   |   |- Guid:F32D2EB54D17430F8236139CF240571C BaseClass: NativeClass:/Script/Engine.CameraActor Name:CameraActor_UAID_001A7DDA7104ED7C01_1074445815 Label:CameraActor SpatiallyLoaded:1 Bounds:IsValid=true, Min=(X=1560.000 Y=20.000 Z=2370.000), Max=(X=1560.000 Y=20.000 Z=2370.000) RuntimeGrid:None EditorOnly:0 RuntimeOnly:0 HLODRelevant:0
 |   |   |- Guid:F4B9E5BC484864B81D1CCFA305E71501 BaseClass: NativeClass:/Script/Engine.StaticMeshActor Name:StaticMeshActor_UAID_001A7DDA7104147D01_1726024686 Label:Old_Fence15 SpatiallyLoaded:1 Bounds:IsValid=true, Min=(X=-2.895 Y=1481.065 Z=-1.648), Max=(X=495.942 Y=1535.729 Z=312.880) RuntimeGrid:None EditorOnly:0 RuntimeOnly:0 HLODRelevant:1 FolderPath:Fence FolderGuid:4F57850A4588A9E007BF4C82E70452BB
 |   |- [+] Clusters:
 |   |   |- [+] [  0]
 |   |   |   |- Guid:D9FE30174E28579B64D983B83CACB5EE BaseClass: NativeClass:/Script/NavigationSystem.RecastNavMesh Name:RecastNavMesh_UAID_001A7DDA7104137D01-Default Label:RecastNavMesh-Default SpatiallyLoaded:0 Bounds:IsValid=true, Min=(X=0.000 Y=0.000 Z=0.000), Max=(X=0.000 Y=0.000 Z=0.000) RuntimeGrid:None EditorOnly:0 RuntimeOnly:0 HLODRelevant:0
 |   |   |- [+] [  1]
 |   |   |   |- Guid:77F893B3468595EE782136AD620D7EF4 BaseClass: NativeClass:/Script/Engine.VolumetricCloud Name:VolumetricCloud_0 Label:VolumetricCloud SpatiallyLoaded:0 Bounds:IsValid=true, Min=(X=0.000 Y=0.000 Z=820.000), Max=(X=0.000 Y=0.000 Z=820.000) RuntimeGrid:None EditorOnly:0 RuntimeOnly:0 HLODRelevant:0 FolderPath:Lighting FolderGuid:4C9334684BA61B42C769F799D2576455
 |   |   |- [+] [  2]
 |   |   |   |- Guid:6252C7D64ACF162A73EE65B11FE214D1 BaseClass: NativeClass:/Script/Engine.SkyAtmosphere Name:SkyAtmosphere_1 Label:SkyAtmosphere SpatiallyLoaded:0 Bounds:IsValid=true, Min=(X=0.000 Y=0.000 Z=1020.000), Max=(X=0.000 Y=0.000 Z=1020.000) RuntimeGrid:None EditorOnly:0 RuntimeOnly:0 HLODRelevant:0 FolderPath:Lighting FolderGuid:4C9334684BA61B42C769F799D2576455
 |   |   |- [+] [  3]
 |   |   |   |- Guid:248932F54A99E0A9851B4EA23DC8ED3C BaseClass:/Game/Blueprints/Constructions/Buttons/BP_btn2.BP_btn2_C NativeClass:/Script/Engine.Actor Name:BP_btn2_C_UAID_001A7DDA7104FC7C01_1757642455 Label:BP_btn2 SpatiallyLoaded:1 Bounds:IsValid=true, Min=(X=1387.500 Y=329.500 Z=-8.125), Max=(X=1712.500 Y=654.500 Z=146.250) RuntimeGrid:None EditorOnly:0 RuntimeOnly:0 HLODRelevant:0
 |   |   |- [+] [  4]
 |   |   |   |- Guid:42043C7C45B6EC61466112998FB5315C BaseClass:/Game/Blueprints/Constructions/Buttons/BP_btn3.BP_btn3_C NativeClass:/Script/Engine.Actor Name:BP_btn3_C_UAID_001A7DDA7104047D01_1355110864 Label:BP_btn3 SpatiallyLoaded:1 Bounds:IsValid=true, Min=(X=787.500 Y=329.500 Z=-8.125), Max=(X=1112.500 Y=654.500 Z=146.250) RuntimeGrid:None EditorOnly:0 RuntimeOnly:0 HLODRelevant:0
 |   |   |- [+] [  5]
 |   |   |   |- Guid:606A1C09400282B75CDE259E68385985 BaseClass: NativeClass:/Script/Engine.TriggerBox Name:TriggerBox_UAID_001A7DDA7104057D01_1209004042 Label:TriggerBox3 SpatiallyLoaded:1 Bounds:IsValid=true, Min=(X=131.000 Y=2697.000 Z=95.000), Max=(X=211.000 Y=2777.000 Z=175.000) RuntimeGrid:None EditorOnly:0 RuntimeOnly:0 HLODRelevant:0
 |   |   |- [+] [  6]
 |   |   |   |- Guid:AECEEEE741E6DE68F6843FA49564A956 BaseClass: NativeClass:/Script/Engine.DirectionalLight Name:DirectionalLight_1 Label:DirectionalLight SpatiallyLoaded:0 Bounds:IsValid=true, Min=(X=-4398046511104.000 Y=-4398046511104.000 Z=-4398046511104.000), Max=(X=4398046511104.000 Y=4398046511104.000 Z=4398046511104.000) RuntimeGrid:None EditorOnly:0 RuntimeOnly:0 HLODRelevant:0 FolderPath:Lighting FolderGuid:4C9334684BA61B42C769F799D2576455
 |   |   |- [+] [  7]
 |   |   |   |- Guid:BEC0D5534A63BAD2E6A09F8FB4312D89 BaseClass: NativeClass:/Script/Engine.TriggerBox Name:TriggerBox_UAID_001A7DDA7104057D01_1117192039 Label:TriggerBox SpatiallyLoaded:1 Bounds:IsValid=true, Min=(X=129.000 Y=1203.000 Z=95.000), Max=(X=209.000 Y=1283.000 Z=175.000) RuntimeGrid:None EditorOnly:0 RuntimeOnly:0 HLODRelevant:0
 |   |   |- [+] [  8]
 |   |   |   |- Guid:CE72A9E040DC5CE4C0D3C5AA909AC387 BaseClass: NativeClass:/Script/Engine.TriggerBox Name:TriggerBox_UAID_001A7DDA7104057D01_1206784041 Label:TriggerBox2 SpatiallyLoaded:1 Bounds:IsValid=true, Min=(X=130.000 Y=1927.000 Z=95.000), Max=(X=210.000 Y=2007.000 Z=175.000) RuntimeGrid:None EditorOnly:0 RuntimeOnly:0 HLODRelevant:0
 |   |   |- [+] [  9]
 |   |   |   |- Guid:F32D2EB54D17430F8236139CF240571C BaseClass: NativeClass:/Script/Engine.CameraActor Name:CameraActor_UAID_001A7DDA7104ED7C01_1074445815 Label:CameraActor SpatiallyLoaded:1 Bounds:IsValid=true, Min=(X=1560.000 Y=20.000 Z=2370.000), Max=(X=1560.000 Y=20.000 Z=2370.000) RuntimeGrid:None EditorOnly:0 RuntimeOnly:0 HLODRelevant:0
 |   |   |- [+] [ 10]
 |   |   |   |- Guid:21E5E1254A2299D431DC1FA0EC53F800 BaseClass:/Game/Blueprints/Constructions/Buttons/BP_btn.BP_btn_C NativeClass:/Script/Engine.Actor Name:BP_btn_C_UAID_001A7DDA7104047D01_1349245863 Label:BP_btn SpatiallyLoaded:1 Bounds:IsValid=true, Min=(X=1987.500 Y=329.500 Z=-8.125), Max=(X=2312.500 Y=654.500 Z=146.250) RuntimeGrid:None EditorOnly:0 RuntimeOnly:0 HLODRelevant:0
 |   |   |- [+] [ 11]
 |   |   |   |- Guid:2DF0D95440BE0EDA81652F860DC7268E BaseClass: NativeClass:/Script/Engine.WorldDataLayers Name:WorldDataLayers Label:WorldDataLayers SpatiallyLoaded:0 Bounds:IsValid=true, Min=(X=0.000 Y=0.000 Z=0.000), Max=(X=0.000 Y=0.000 Z=0.000) RuntimeGrid:None EditorOnly:0 RuntimeOnly:0 HLODRelevant:0
 |   |   |- [+] [ 12]
 |   |   |   |- Guid:147C8D134B12D635012D5F8C57D2C96F BaseClass: NativeClass:/Script/Engine.PostProcessVolume Name:PostProcessVolume_1 Label:PostProcessVolume SpatiallyLoaded:0 Bounds:IsValid=true, Min=(X=0.000 Y=0.000 Z=400.000), Max=(X=200.000 Y=200.000 Z=600.000) RuntimeGrid:None EditorOnly:0 RuntimeOnly:0 HLODRelevant:0 FolderPath:Lighting FolderGuid:4C9334684BA61B42C769F799D2576455
 |   |   |- [+] [ 13]
 |   |   |   |- Guid:66BCBF874D2A22ADC6523B95EE812CA3 BaseClass: NativeClass:/Script/Engine.StaticMeshActor Name:StaticMeshActor_UAID_A4AE111137DC5CFB00_1660657071 Label:SM_SkySphere SpatiallyLoaded:0 Bounds:IsValid=true, Min=(X=-1638400.000 Y=-1638400.000 Z=-1638400.000), Max=(X=1638400.000 Y=1638400.000 Z=1638400.000) RuntimeGrid:None EditorOnly:0 RuntimeOnly:0 HLODRelevant:1 FolderPath:Lighting FolderGuid:4C9334684BA61B42C769F799D2576455
 |   |   |- [+] [ 14]
 |   |   |   |- Guid:1742DF43475F097453197AA79C7473D9 BaseClass: NativeClass:/Script/Engine.SkyLight Name:SkyLight_1 Label:SkyLight SpatiallyLoaded:0 Bounds:IsValid=true, Min=(X=0.000 Y=0.000 Z=690.000), Max=(X=0.000 Y=0.000 Z=690.000) RuntimeGrid:None EditorOnly:0 RuntimeOnly:0 HLODRelevant:0 FolderPath:Lighting FolderGuid:4C9334684BA61B42C769F799D2576455
 |   |   |- [+] [ 15]
 |   |   |   |- Guid:D24D61B944EF71BE7BC469B7EB239299 BaseClass: NativeClass:/Script/Engine.ExponentialHeightFog Name:ExponentialHeightFog_1 Label:ExponentialHeightFog SpatiallyLoaded:0 Bounds:IsValid=true, Min=(X=-5600.000 Y=-50.000 Z=-6850.000), Max=(X=-5600.000 Y=-50.000 Z=-6850.000) RuntimeGrid:None EditorOnly:0 RuntimeOnly:0 HLODRelevant:0 FolderPath:Lighting FolderGuid:4C9334684BA61B42C769F799D2576455
 |   |   |- [+] [ 16]
 |   |   |   |- Guid:A1403DFD4AF8688595D160938FD67FCB BaseClass: NativeClass:/Script/Engine.StaticMeshActor Name:StaticMeshActor_UAID_001A7DDA7104147D01_1283324679 Label:SM_Cube4 SpatiallyLoaded:1 Bounds:IsValid=true, Min=(X=0.000 Y=0.000 Z=-100.000), Max=(X=3000.000 Y=3500.000 Z=0.000) RuntimeGrid:None EditorOnly:0 RuntimeOnly:0 HLODRelevant:1 FolderPath:Playground FolderGuid:9FE5E8B349AF71F05F2688921F3F2AC5
 |   |   |- [+] [ 17]
 |   |   |   |- Guid:8831995F4CA47DE0672AA198BF8F2AF9 BaseClass: NativeClass:/Script/Engine.StaticMeshActor Name:StaticMeshActor_UAID_001A7DDA7104147D01_1374512680 Label:SM_Cube7 SpatiallyLoaded:1 Bounds:IsValid=true, Min=(X=-99.000 Y=1.000 Z=-100.000), Max=(X=1.000 Y=3501.000 Z=400.000) RuntimeGrid:None EditorOnly:0 RuntimeOnly:0 HLODRelevant:1 FolderPath:Playground FolderGuid:9FE5E8B349AF71F05F2688921F3F2AC5
 |   |   |- [+] [ 18]
 |   |   |   |- Guid:A205F2A44D54CB3ACE3805B1B5474EE8 BaseClass: NativeClass:/Script/Engine.StaticMeshActor Name:StaticMeshActor_UAID_001A7DDA7104147D01_1458163681 Label:SM_Cube8 SpatiallyLoaded:1 Bounds:IsValid=true, Min=(X=-100.000 Y=-98.000 Z=-100.000), Max=(X=3100.000 Y=2.000 Z=400.000) RuntimeGrid:None EditorOnly:0 RuntimeOnly:0 HLODRelevant:1 FolderPath:Playground FolderGuid:9FE5E8B349AF71F05F2688921F3F2AC5
 |   |   |- [+] [ 19]
 |   |   |   |- Guid:21C58DCA442779A8B4CF2C8812379914 BaseClass: NativeClass:/Script/Engine.StaticMeshActor Name:StaticMeshActor_UAID_001A7DDA7104147D01_1567183682 Label:SM_Cube9 SpatiallyLoaded:1 Bounds:IsValid=true, Min=(X=3000.000 Y=2.000 Z=-100.000), Max=(X=3100.000 Y=3502.000 Z=400.000) RuntimeGrid:None EditorOnly:0 RuntimeOnly:0 HLODRelevant:1 FolderPath:Playground FolderGuid:9FE5E8B349AF71F05F2688921F3F2AC5
 |   |   |- [+] [ 20]
 |   |   |   |- Guid:9F45C5604058A023D58619AADF94B8E6 BaseClass: NativeClass:/Script/Engine.StaticMeshActor Name:StaticMeshActor_UAID_001A7DDA7104147D01_1620873683 Label:SM_Cube10 SpatiallyLoaded:1 Bounds:IsValid=true, Min=(X=-99.000 Y=3500.000 Z=-100.000), Max=(X=3101.000 Y=3600.000 Z=400.000) RuntimeGrid:None EditorOnly:0 RuntimeOnly:0 HLODRelevant:1 FolderPath:Playground FolderGuid:9FE5E8B349AF71F05F2688921F3F2AC5
 |   |   |- [+] [ 21]
 |   |   |   |- Guid:9A954D1A421435A61304C4A4A1491FE9 BaseClass: NativeClass:/Script/Engine.StaticMeshActor Name:StaticMeshActor_UAID_001A7DDA7104147D01_1642148684 Label:Old_Fence13 SpatiallyLoaded:1 Bounds:IsValid=true, Min=(X=2511.105 Y=975.065 Z=-1.648), Max=(X=3009.942 Y=1029.729 Z=312.880) RuntimeGrid:None EditorOnly:0 RuntimeOnly:0 HLODRelevant:1 FolderPath:Fence FolderGuid:4F57850A4588A9E007BF4C82E70452BB
 |   |   |- [+] [ 22]
 |   |   |   |- Guid:8AC6F3E547A8C84284083B85197AC46C BaseClass: NativeClass:/Script/Engine.StaticMeshActor Name:StaticMeshActor_UAID_001A7DDA7104147D01_1714685685 Label:Old_Fence14 SpatiallyLoaded:1 Bounds:IsValid=true, Min=(X=-3.895 Y=980.065 Z=-1.648), Max=(X=494.942 Y=1034.729 Z=312.880) RuntimeGrid:None EditorOnly:0 RuntimeOnly:0 HLODRelevant:1 FolderPath:Fence FolderGuid:4F57850A4588A9E007BF4C82E70452BB
 |   |   |- [+] [ 23]
 |   |   |   |- Guid:F4B9E5BC484864B81D1CCFA305E71501 BaseClass: NativeClass:/Script/Engine.StaticMeshActor Name:StaticMeshActor_UAID_001A7DDA7104147D01_1726024686 Label:Old_Fence15 SpatiallyLoaded:1 Bounds:IsValid=true, Min=(X=-2.895 Y=1481.065 Z=-1.648), Max=(X=495.942 Y=1535.729 Z=312.880) RuntimeGrid:None EditorOnly:0 RuntimeOnly:0 HLODRelevant:1 FolderPath:Fence FolderGuid:4F57850A4588A9E007BF4C82E70452BB
 |   |   |- [+] [ 24]
 |   |   |   |- Guid:279A92BE41FF427A545DE7B444B0A5C6 BaseClass: NativeClass:/Script/Engine.StaticMeshActor Name:StaticMeshActor_UAID_001A7DDA7104147D01_1754844687 Label:Old_Fence16 SpatiallyLoaded:1 Bounds:IsValid=true, Min=(X=-2.895 Y=1695.065 Z=-1.648), Max=(X=495.942 Y=1749.729 Z=312.880) RuntimeGrid:None EditorOnly:0 RuntimeOnly:0 HLODRelevant:1 FolderPath:Fence FolderGuid:4F57850A4588A9E007BF4C82E70452BB
 |   |   |- [+] [ 25]
 |   |   |   |- Guid:D5AABB0D4C21CD0A7380009F9C96A85B BaseClass: NativeClass:/Script/Engine.StaticMeshActor Name:StaticMeshActor_UAID_001A7DDA7104147D01_1754846688 Label:Old_Fence17 SpatiallyLoaded:1 Bounds:IsValid=true, Min=(X=-1.895 Y=2196.065 Z=-1.648), Max=(X=496.942 Y=2250.729 Z=312.880) RuntimeGrid:None EditorOnly:0 RuntimeOnly:0 HLODRelevant:1 FolderPath:Fence FolderGuid:4F57850A4588A9E007BF4C82E70452BB
 |   |   |- [+] [ 26]
 |   |   |   |- Guid:5709F46A46E200852F6DEB9CCD2DAE8B BaseClass: NativeClass:/Script/Engine.StaticMeshActor Name:StaticMeshActor_UAID_001A7DDA7104147D01_1762740689 Label:Old_Fence18 SpatiallyLoaded:1 Bounds:IsValid=true, Min=(X=-1.895 Y=2456.065 Z=-1.648), Max=(X=496.942 Y=2510.729 Z=312.880) RuntimeGrid:None EditorOnly:0 RuntimeOnly:0 HLODRelevant:1 FolderPath:Fence FolderGuid:4F57850A4588A9E007BF4C82E70452BB
 |   |   |- [+] [ 27]
 |   |   |   |- Guid:183D19054E376CD70FEF61882AA4B30D BaseClass: NativeClass:/Script/Engine.StaticMeshActor Name:StaticMeshActor_UAID_001A7DDA7104147D01_1762741690 Label:Old_Fence19 SpatiallyLoaded:1 Bounds:IsValid=true, Min=(X=-0.895 Y=2957.065 Z=-1.648), Max=(X=497.942 Y=3011.729 Z=312.880) RuntimeGrid:None EditorOnly:0 RuntimeOnly:0 HLODRelevant:1 FolderPath:Fence FolderGuid:4F57850A4588A9E007BF4C82E70452BB
 |   |   |- [+] [ 28]
 |   |   |   |- Guid:051328D64A90FBBE369B1B81FABC5966 BaseClass: NativeClass:/Script/Engine.StaticMeshActor Name:StaticMeshActor_UAID_001A7DDA7104147D01_1771916691 Label:Old_Fence20 SpatiallyLoaded:1 Bounds:IsValid=true, Min=(X=2512.105 Y=1486.065 Z=-1.648), Max=(X=3010.942 Y=1540.729 Z=312.880) RuntimeGrid:None EditorOnly:0 RuntimeOnly:0 HLODRelevant:1 FolderPath:Fence FolderGuid:4F57850A4588A9E007BF4C82E70452BB
 |   |   |- [+] [ 29]
 |   |   |   |- Guid:1A696E7C4BE7EA0852173F8C18AD13EC BaseClass: NativeClass:/Script/Engine.StaticMeshActor Name:StaticMeshActor_UAID_001A7DDA7104147D01_1791973692 Label:Old_Fence21 SpatiallyLoaded:1 Bounds:IsValid=true, Min=(X=2512.105 Y=1672.065 Z=-1.648), Max=(X=3010.942 Y=1726.729 Z=312.880) RuntimeGrid:None EditorOnly:0 RuntimeOnly:0 HLODRelevant:1 FolderPath:Fence FolderGuid:4F57850A4588A9E007BF4C82E70452BB
 |   |   |- [+] [ 30]
 |   |   |   |- Guid:581630744F67CF92D4AE899784952E15 BaseClass: NativeClass:/Script/Engine.StaticMeshActor Name:StaticMeshActor_UAID_001A7DDA7104147D01_1791975693 Label:Old_Fence22 SpatiallyLoaded:1 Bounds:IsValid=true, Min=(X=2513.105 Y=2183.065 Z=-1.648), Max=(X=3011.942 Y=2237.729 Z=312.880) RuntimeGrid:None EditorOnly:0 RuntimeOnly:0 HLODRelevant:1 FolderPath:Fence FolderGuid:4F57850A4588A9E007BF4C82E70452BB
 |   |   |- [+] [ 31]
 |   |   |   |- Guid:73FE10EF421040094AC2B597E6876970 BaseClass: NativeClass:/Script/Engine.StaticMeshActor Name:StaticMeshActor_UAID_001A7DDA7104147D01_1804891694 Label:Old_Fence23 SpatiallyLoaded:1 Bounds:IsValid=true, Min=(X=2513.105 Y=2440.065 Z=-1.648), Max=(X=3011.942 Y=2494.729 Z=312.880) RuntimeGrid:None EditorOnly:0 RuntimeOnly:0 HLODRelevant:1 FolderPath:Fence FolderGuid:4F57850A4588A9E007BF4C82E70452BB
 |   |   |- [+] [ 32]
 |   |   |   |- Guid:AC4B02124BBCF7056FC9FAAE11528E92 BaseClass: NativeClass:/Script/Engine.StaticMeshActor Name:StaticMeshActor_UAID_001A7DDA7104147D01_1804892695 Label:Old_Fence24 SpatiallyLoaded:1 Bounds:IsValid=true, Min=(X=2514.105 Y=2951.065 Z=-1.648), Max=(X=3012.942 Y=3005.729 Z=312.880) RuntimeGrid:None EditorOnly:0 RuntimeOnly:0 HLODRelevant:1 FolderPath:Fence FolderGuid:4F57850A4588A9E007BF4C82E70452BB
 |- ContainerInstances:
 |- [+] MainContainer:
 |   |-        ID: 0x0000000000000000
 |   |-    Bounds: IsValid=false, Min=(X=0.000 Y=0.000 Z=0.000), Max=(X=0.000 Y=0.000 Z=0.000)
 |   |- Transform: 0.000000,0.000000,0.000000|0.000000,0.000000,-0.000000|1.000000,1.000000,1.000000
 |   |- Container: /Game/Maps/TopDownMap
----------------------------------------------------------------------------------------------------------------
TopDownMap - Persistent Level
----------------------------------------------------------------------------------------------------------------
Always loaded Actor Count: 58 

----------------------------------------------------------------------------------------------------------------
TopDownMap - Runtime Spatial Hash - Streaming Grid - MainGrid
----------------------------------------------------------------------------------------------------------------
            Origin: X=0.000 Y=0.000 Z=0.000
         Cell Size: 12800
      World Bounds: IsValid=false, Min=(X=0.000 Y=0.000 Z=0.000), Max=(X=0.000 Y=0.000 Z=0.000)
     Loading Range: 25600.00
Block Slow Loading: No
 ClientOnlyVisible: No

[+] Grid Levels: 1
 |- Level  0: Cell Count    0 | Cell Size   12800 | Actor Count    0 (0.0%)

[+] Content of Grid Level 0

